<?xml version="1.0" encoding="UTF-8"?>
<testsuite name="com.proyecto.UsuarioServiceTest" tests="5" skipped="0" failures="0" errors="0" timestamp="2025-06-11T16:44:56" hostname="PSLT7240" time="2.355">
  <properties/>
  <testcase name="testObtenerUsuariosPorRol" classname="com.proyecto.UsuarioServiceTest" time="2.277"/>
  <testcase name="testLogin" classname="com.proyecto.UsuarioServiceTest" time="0.022"/>
  <testcase name="testRegistrarUsuario" classname="com.proyecto.UsuarioServiceTest" time="0.021"/>
  <testcase name="testMultipleOperaciones" classname="com.proyecto.UsuarioServiceTest" time="0.023"/>
  <testcase name="testEstadisticas" classname="com.proyecto.UsuarioServiceTest" time="0.008"/>
  <system-out><![CDATA[11:44:42.192 [Test worker] DEBUG org.springframework.test.context.junit4.SpringJUnit4ClassRunner - SpringJUnit4ClassRunner constructor called with [class com.proyecto.UsuarioServiceTest]
11:44:42.264 [Test worker] DEBUG org.springframework.test.context.BootstrapUtils - Instantiating CacheAwareContextLoaderDelegate from class [org.springframework.test.context.cache.DefaultCacheAwareContextLoaderDelegate]
11:44:42.316 [Test worker] DEBUG org.springframework.test.context.BootstrapUtils - Instantiating BootstrapContext using constructor [public org.springframework.test.context.support.DefaultBootstrapContext(java.lang.Class,org.springframework.test.context.CacheAwareContextLoaderDelegate)]
11:44:42.605 [Test worker] DEBUG org.springframework.test.context.BootstrapUtils - Instantiating TestContextBootstrapper for test class [com.proyecto.UsuarioServiceTest] from class [org.springframework.boot.test.context.SpringBootTestContextBootstrapper]
11:44:42.663 [Test worker] INFO org.springframework.boot.test.context.SpringBootTestContextBootstrapper - Neither @ContextConfiguration nor @ContextHierarchy found for test class [com.proyecto.UsuarioServiceTest], using SpringBootContextLoader
11:44:42.688 [Test worker] DEBUG org.springframework.test.context.support.AbstractContextLoader - Did not detect default resource location for test class [com.proyecto.UsuarioServiceTest]: class path resource [com/proyecto/UsuarioServiceTest-context.xml] does not exist
11:44:42.689 [Test worker] DEBUG org.springframework.test.context.support.AbstractContextLoader - Did not detect default resource location for test class [com.proyecto.UsuarioServiceTest]: class path resource [com/proyecto/UsuarioServiceTestContext.groovy] does not exist
11:44:42.690 [Test worker] INFO org.springframework.test.context.support.AbstractContextLoader - Could not detect default resource locations for test class [com.proyecto.UsuarioServiceTest]: no resource found for suffixes {-context.xml, Context.groovy}.
11:44:42.693 [Test worker] INFO org.springframework.test.context.support.AnnotationConfigContextLoaderUtils - Could not detect default configuration classes for test class [com.proyecto.UsuarioServiceTest]: UsuarioServiceTest does not declare any static, non-private, non-final, nested classes annotated with @Configuration.
11:44:43.013 [Test worker] DEBUG org.springframework.test.context.support.ActiveProfilesUtils - Could not find an 'annotation declaring class' for annotation type [org.springframework.test.context.ActiveProfiles] and class [com.proyecto.UsuarioServiceTest]
11:44:43.479 [Test worker] DEBUG org.springframework.context.annotation.ClassPathScanningCandidateComponentProvider - Identified candidate component class: file [C:\Users\scvera\Documents\C4E\LLM-IA\Kit-IA\C4E-KIT-IA-S.6\build\classes\java\main\com\proyecto\Application.class]
11:44:43.488 [Test worker] INFO org.springframework.boot.test.context.SpringBootTestContextBootstrapper - Found @SpringBootConfiguration com.proyecto.Application for test class com.proyecto.UsuarioServiceTest
11:44:44.224 [Test worker] DEBUG org.springframework.boot.test.context.SpringBootTestContextBootstrapper - @TestExecutionListeners is not present for class [com.proyecto.UsuarioServiceTest]: using defaults.
11:44:44.226 [Test worker] INFO org.springframework.boot.test.context.SpringBootTestContextBootstrapper - Loaded default TestExecutionListener class names from location [META-INF/spring.factories]: [org.springframework.boot.test.autoconfigure.restdocs.RestDocsTestExecutionListener, org.springframework.boot.test.autoconfigure.web.client.MockRestServiceServerResetTestExecutionListener, org.springframework.boot.test.autoconfigure.web.servlet.MockMvcPrintOnlyOnFailureTestExecutionListener, org.springframework.boot.test.autoconfigure.web.servlet.WebDriverTestExecutionListener, org.springframework.boot.test.autoconfigure.webservices.client.MockWebServiceServerTestExecutionListener, org.springframework.boot.test.mock.mockito.MockitoTestExecutionListener, org.springframework.boot.test.mock.mockito.ResetMocksTestExecutionListener, org.springframework.test.context.web.ServletTestExecutionListener, org.springframework.test.context.support.DirtiesContextBeforeModesTestExecutionListener, org.springframework.test.context.event.ApplicationEventsTestExecutionListener, org.springframework.test.context.support.DependencyInjectionTestExecutionListener, org.springframework.test.context.support.DirtiesContextTestExecutionListener, org.springframework.test.context.transaction.TransactionalTestExecutionListener, org.springframework.test.context.jdbc.SqlScriptsTestExecutionListener, org.springframework.test.context.event.EventPublishingTestExecutionListener]
11:44:44.345 [Test worker] INFO org.springframework.boot.test.context.SpringBootTestContextBootstrapper - Using TestExecutionListeners: [org.springframework.test.context.web.ServletTestExecutionListener@3997fc4c, org.springframework.test.context.support.DirtiesContextBeforeModesTestExecutionListener@5280c333, org.springframework.test.context.event.ApplicationEventsTestExecutionListener@5eddbe7b, org.springframework.boot.test.mock.mockito.MockitoTestExecutionListener@796ee497, org.springframework.boot.test.autoconfigure.SpringBootDependencyInjectionTestExecutionListener@7f9d026a, org.springframework.test.context.support.DirtiesContextTestExecutionListener@2b50dff1, org.springframework.test.context.transaction.TransactionalTestExecutionListener@184d8286, org.springframework.test.context.jdbc.SqlScriptsTestExecutionListener@16098744, org.springframework.test.context.event.EventPublishingTestExecutionListener@19049bd, org.springframework.boot.test.autoconfigure.restdocs.RestDocsTestExecutionListener@2c12a129, org.springframework.boot.test.autoconfigure.web.client.MockRestServiceServerResetTestExecutionListener@58bf5f9f, org.springframework.boot.test.autoconfigure.web.servlet.MockMvcPrintOnlyOnFailureTestExecutionListener@256c06b, org.springframework.boot.test.autoconfigure.web.servlet.WebDriverTestExecutionListener@188ac3d, org.springframework.boot.test.autoconfigure.webservices.client.MockWebServiceServerTestExecutionListener@38aa4ecc, org.springframework.boot.test.mock.mockito.ResetMocksTestExecutionListener@1a4bbde1]
11:44:44.354 [Test worker] DEBUG org.springframework.test.annotation.ProfileValueUtils - Retrieved @ProfileValueSourceConfiguration [null] for test class [com.proyecto.UsuarioServiceTest]
11:44:44.360 [Test worker] DEBUG org.springframework.test.annotation.ProfileValueUtils - Retrieved ProfileValueSource type [class org.springframework.test.annotation.SystemProfileValueSource] for class [com.proyecto.UsuarioServiceTest]
11:44:44.368 [Test worker] DEBUG org.springframework.test.annotation.ProfileValueUtils - Retrieved @ProfileValueSourceConfiguration [null] for test class [com.proyecto.UsuarioServiceTest]
11:44:44.368 [Test worker] DEBUG org.springframework.test.annotation.ProfileValueUtils - Retrieved ProfileValueSource type [class org.springframework.test.annotation.SystemProfileValueSource] for class [com.proyecto.UsuarioServiceTest]
11:44:44.378 [Test worker] DEBUG org.springframework.test.annotation.ProfileValueUtils - Retrieved @ProfileValueSourceConfiguration [null] for test class [com.proyecto.UsuarioServiceTest]
11:44:44.379 [Test worker] DEBUG org.springframework.test.annotation.ProfileValueUtils - Retrieved ProfileValueSource type [class org.springframework.test.annotation.SystemProfileValueSource] for class [com.proyecto.UsuarioServiceTest]
11:44:44.383 [Test worker] DEBUG org.springframework.test.annotation.ProfileValueUtils - Retrieved @ProfileValueSourceConfiguration [null] for test class [com.proyecto.UsuarioServiceTest]
11:44:44.383 [Test worker] DEBUG org.springframework.test.annotation.ProfileValueUtils - Retrieved ProfileValueSource type [class org.springframework.test.annotation.SystemProfileValueSource] for class [com.proyecto.UsuarioServiceTest]
11:44:44.414 [Test worker] DEBUG org.springframework.test.context.support.AbstractDirtiesContextTestExecutionListener - Before test class: context [DefaultTestContext@20e5fa1e testClass = UsuarioServiceTest, testInstance = [null], testMethod = [null], testException = [null], mergedContextConfiguration = [WebMergedContextConfiguration@7676c5b0 testClass = UsuarioServiceTest, locations = '{}', classes = '{class com.proyecto.Application}', contextInitializerClasses = '[]', activeProfiles = '{}', propertySourceLocations = '{}', propertySourceProperties = '{org.springframework.boot.test.context.SpringBootTestContextBootstrapper=true}', contextCustomizers = set[org.springframework.boot.test.autoconfigure.actuate.metrics.MetricsExportContextCustomizerFactory$DisableMetricExportContextCustomizer@50574307, org.springframework.boot.test.autoconfigure.properties.PropertyMappingContextCustomizer@0, org.springframework.boot.test.autoconfigure.web.servlet.WebDriverContextCustomizerFactory$Customizer@75151cb6, org.springframework.boot.test.context.filter.ExcludeFilterContextCustomizer@d1ef7b, org.springframework.boot.test.json.DuplicateJsonObjectContextCustomizerFactory$DuplicateJsonObjectContextCustomizer@450497bc, org.springframework.boot.test.mock.mockito.MockitoContextCustomizer@0, org.springframework.boot.test.web.client.TestRestTemplateContextCustomizer@228e32b8, org.springframework.boot.test.context.SpringBootTestArgs@1, org.springframework.boot.test.context.SpringBootTestWebEnvironment@3f1c3583], resourceBasePath = 'src/main/webapp', contextLoader = 'org.springframework.boot.test.context.SpringBootContextLoader', parent = [null]], attributes = map['org.springframework.test.context.web.ServletTestExecutionListener.activateListener' -> true]], class annotated with @DirtiesContext [false] with mode [null].
11:44:44.423 [Test worker] DEBUG org.springframework.test.annotation.ProfileValueUtils - Retrieved @ProfileValueSourceConfiguration [null] for test class [com.proyecto.UsuarioServiceTest]
11:44:44.423 [Test worker] DEBUG org.springframework.test.annotation.ProfileValueUtils - Retrieved ProfileValueSource type [class org.springframework.test.annotation.SystemProfileValueSource] for class [com.proyecto.UsuarioServiceTest]

  .   ____          _            __ _ _
 /\\ / ___'_ __ _ _(_)_ __  __ _ \ \ \ \
( ( )\___ | '_ | '_| | '_ \/ _` | \ \ \ \
 \\/  ___)| |_)| | | | | || (_| |  ) ) ) )
  '  |____| .__|_| |_|_| |_\__, | / / / /
 =========|_|==============|___/=/_/_/_/
 :: Spring Boot ::                (v2.7.0)

2025-06-11 11:44:45.487  INFO 35636 --- [    Test worker] com.proyecto.UsuarioServiceTest          : Starting UsuarioServiceTest using Java 11.0.27 on PSLT7240 with PID 35636 (started by scvera in C:\Users\scvera\Documents\C4E\LLM-IA\Kit-IA\C4E-KIT-IA-S.6)
2025-06-11 11:44:45.491  INFO 35636 --- [    Test worker] com.proyecto.UsuarioServiceTest          : No active profile set, falling back to 1 default profile: "default"
2025-06-11 11:44:47.372  INFO 35636 --- [    Test worker] .s.d.r.c.RepositoryConfigurationDelegate : Bootstrapping Spring Data JPA repositories in DEFAULT mode.
2025-06-11 11:44:47.492  INFO 35636 --- [    Test worker] .s.d.r.c.RepositoryConfigurationDelegate : Finished Spring Data repository scanning in 101 ms. Found 1 JPA repository interfaces.
2025-06-11 11:44:48.989  INFO 35636 --- [    Test worker] o.hibernate.jpa.internal.util.LogHelper  : HHH000204: Processing PersistenceUnitInfo [name: default]
2025-06-11 11:44:49.144  INFO 35636 --- [    Test worker] org.hibernate.Version                    : HHH000412: Hibernate ORM core version 5.6.9.Final
2025-06-11 11:44:49.808  INFO 35636 --- [    Test worker] o.hibernate.annotations.common.Version   : HCANN000001: Hibernate Commons Annotations {5.1.2.Final}
2025-06-11 11:44:50.135  INFO 35636 --- [    Test worker] com.zaxxer.hikari.HikariDataSource       : HikariPool-1 - Starting...
2025-06-11 11:44:50.822  INFO 35636 --- [    Test worker] com.zaxxer.hikari.HikariDataSource       : HikariPool-1 - Start completed.
2025-06-11 11:44:50.879  INFO 35636 --- [    Test worker] org.hibernate.dialect.Dialect            : HHH000400: Using dialect: org.hibernate.dialect.H2Dialect
2025-06-11 11:44:52.365 DEBUG 35636 --- [    Test worker] org.hibernate.SQL                        : drop table if exists usuarios CASCADE 
Hibernate: drop table if exists usuarios CASCADE 
2025-06-11 11:44:52.369 DEBUG 35636 --- [    Test worker] org.hibernate.SQL                        : drop sequence if exists hibernate_sequence
Hibernate: drop sequence if exists hibernate_sequence
2025-06-11 11:44:52.378 DEBUG 35636 --- [    Test worker] org.hibernate.SQL                        : create sequence hibernate_sequence start with 1 increment by 1
Hibernate: create sequence hibernate_sequence start with 1 increment by 1
2025-06-11 11:44:52.382 DEBUG 35636 --- [    Test worker] org.hibernate.SQL                        : create table usuarios (id bigint not null, email varchar(255), fecha_creacion timestamp, password varchar(255), role varchar(255), username varchar(255), primary key (id))
Hibernate: create table usuarios (id bigint not null, email varchar(255), fecha_creacion timestamp, password varchar(255), role varchar(255), username varchar(255), primary key (id))
2025-06-11 11:44:52.398  INFO 35636 --- [    Test worker] o.h.e.t.j.p.i.JtaPlatformInitiator       : HHH000490: Using JtaPlatform implementation: [org.hibernate.engine.transaction.jta.platform.internal.NoJtaPlatform]
2025-06-11 11:44:52.426  INFO 35636 --- [    Test worker] j.LocalContainerEntityManagerFactoryBean : Initialized JPA EntityManagerFactory for persistence unit 'default'
2025-06-11 11:44:54.165  WARN 35636 --- [    Test worker] JpaBaseConfiguration$JpaWebConfiguration : spring.jpa.open-in-view is enabled by default. Therefore, database queries may be performed during view rendering. Explicitly configure spring.jpa.open-in-view to disable this warning
2025-06-11 11:44:55.331  INFO 35636 --- [    Test worker] o.s.b.a.h2.H2ConsoleAutoConfiguration    : H2 console available at '/h2-console'. Database available at 'jdbc:h2:mem:testdb'
2025-06-11 11:44:56.009  INFO 35636 --- [    Test worker] com.proyecto.UsuarioServiceTest          : Started UsuarioServiceTest in 11.39 seconds (JVM running for 16.119)
2025-06-11 11:44:56.107  INFO 35636 --- [    Test worker] o.s.t.c.transaction.TransactionContext   : Began transaction (1) for test context [DefaultTestContext@20e5fa1e testClass = UsuarioServiceTest, testInstance = com.proyecto.UsuarioServiceTest@3942e213, testMethod = testObtenerUsuariosPorRol@UsuarioServiceTest, testException = [null], mergedContextConfiguration = [WebMergedContextConfiguration@7676c5b0 testClass = UsuarioServiceTest, locations = '{}', classes = '{class com.proyecto.Application}', contextInitializerClasses = '[]', activeProfiles = '{}', propertySourceLocations = '{}', propertySourceProperties = '{org.springframework.boot.test.context.SpringBootTestContextBootstrapper=true}', contextCustomizers = set[org.springframework.boot.test.autoconfigure.actuate.metrics.MetricsExportContextCustomizerFactory$DisableMetricExportContextCustomizer@50574307, org.springframework.boot.test.autoconfigure.properties.PropertyMappingContextCustomizer@0, org.springframework.boot.test.autoconfigure.web.servlet.WebDriverContextCustomizerFactory$Customizer@75151cb6, org.springframework.boot.test.context.filter.ExcludeFilterContextCustomizer@d1ef7b, org.springframework.boot.test.json.DuplicateJsonObjectContextCustomizerFactory$DuplicateJsonObjectContextCustomizer@450497bc, org.springframework.boot.test.mock.mockito.MockitoContextCustomizer@0, org.springframework.boot.test.web.client.TestRestTemplateContextCustomizer@228e32b8, org.springframework.boot.test.context.SpringBootTestArgs@1, org.springframework.boot.test.context.SpringBootTestWebEnvironment@3f1c3583], resourceBasePath = 'src/main/webapp', contextLoader = 'org.springframework.boot.test.context.SpringBootContextLoader', parent = [null]], attributes = map['org.springframework.test.context.web.ServletTestExecutionListener.activateListener' -> true, 'org.springframework.test.context.web.ServletTestExecutionListener.populatedRequestContextHolder' -> true, 'org.springframework.test.context.web.ServletTestExecutionListener.resetRequestContextHolder' -> true, 'org.springframework.test.context.event.ApplicationEventsTestExecutionListener.recordApplicationEvents' -> false]]; transaction manager [org.springframework.orm.jpa.JpaTransactionManager@735e1ef7]; rollback [true]
2025-06-11 11:44:56.637 DEBUG 35636 --- [    Test worker] org.hibernate.SQL                        : select usuario0_.id as id1_0_, usuario0_.email as email2_0_, usuario0_.fecha_creacion as fecha_cr3_0_, usuario0_.password as password4_0_, usuario0_.role as role5_0_, usuario0_.username as username6_0_ from usuarios usuario0_
Hibernate: select usuario0_.id as id1_0_, usuario0_.email as email2_0_, usuario0_.fecha_creacion as fecha_cr3_0_, usuario0_.password as password4_0_, usuario0_.role as role5_0_, usuario0_.username as username6_0_ from usuarios usuario0_
2025-06-11 11:44:56.686 DEBUG 35636 --- [    Test worker] org.hibernate.SQL                        : call next value for hibernate_sequence
Hibernate: call next value for hibernate_sequence
2025-06-11 11:44:56.735 DEBUG 35636 --- [    Test worker] org.hibernate.SQL                        : call next value for hibernate_sequence
Hibernate: call next value for hibernate_sequence
2025-06-11 11:44:56.737 DEBUG 35636 --- [    Test worker] org.hibernate.SQL                        : call next value for hibernate_sequence
Hibernate: call next value for hibernate_sequence
2025-06-11 11:44:58.296 DEBUG 35636 --- [    Test worker] org.hibernate.SQL                        : insert into usuarios (email, fecha_creacion, password, role, username, id) values (?, ?, ?, ?, ?, ?)
Hibernate: insert into usuarios (email, fecha_creacion, password, role, username, id) values (?, ?, ?, ?, ?, ?)
2025-06-11 11:44:58.300 TRACE 35636 --- [    Test worker] o.h.type.descriptor.sql.BasicBinder      : binding parameter [1] as [VARCHAR] - [test@test.com]
2025-06-11 11:44:58.312 TRACE 35636 --- [    Test worker] o.h.type.descriptor.sql.BasicBinder      : binding parameter [2] as [TIMESTAMP] - [Wed Jun 11 11:44:56 COT 2025]
2025-06-11 11:44:58.319 TRACE 35636 --- [    Test worker] o.h.type.descriptor.sql.BasicBinder      : binding parameter [3] as [VARCHAR] - [password123]
2025-06-11 11:44:58.319 TRACE 35636 --- [    Test worker] o.h.type.descriptor.sql.BasicBinder      : binding parameter [4] as [VARCHAR] - [USER]
2025-06-11 11:44:58.319 TRACE 35636 --- [    Test worker] o.h.type.descriptor.sql.BasicBinder      : binding parameter [5] as [VARCHAR] - [testuser]
2025-06-11 11:44:58.320 TRACE 35636 --- [    Test worker] o.h.type.descriptor.sql.BasicBinder      : binding parameter [6] as [BIGINT] - [1]
2025-06-11 11:44:58.323 DEBUG 35636 --- [    Test worker] org.hibernate.SQL                        : insert into usuarios (email, fecha_creacion, password, role, username, id) values (?, ?, ?, ?, ?, ?)
Hibernate: insert into usuarios (email, fecha_creacion, password, role, username, id) values (?, ?, ?, ?, ?, ?)
2025-06-11 11:44:58.323 TRACE 35636 --- [    Test worker] o.h.type.descriptor.sql.BasicBinder      : binding parameter [1] as [VARCHAR] - [user1@test.com]
2025-06-11 11:44:58.324 TRACE 35636 --- [    Test worker] o.h.type.descriptor.sql.BasicBinder      : binding parameter [2] as [TIMESTAMP] - [Wed Jun 11 11:44:56 COT 2025]
2025-06-11 11:44:58.324 TRACE 35636 --- [    Test worker] o.h.type.descriptor.sql.BasicBinder      : binding parameter [3] as [VARCHAR] - [pass1]
2025-06-11 11:44:58.324 TRACE 35636 --- [    Test worker] o.h.type.descriptor.sql.BasicBinder      : binding parameter [4] as [VARCHAR] - [USER]
2025-06-11 11:44:58.324 TRACE 35636 --- [    Test worker] o.h.type.descriptor.sql.BasicBinder      : binding parameter [5] as [VARCHAR] - [user1]
2025-06-11 11:44:58.324 TRACE 35636 --- [    Test worker] o.h.type.descriptor.sql.BasicBinder      : binding parameter [6] as [BIGINT] - [2]
2025-06-11 11:44:58.324 DEBUG 35636 --- [    Test worker] org.hibernate.SQL                        : insert into usuarios (email, fecha_creacion, password, role, username, id) values (?, ?, ?, ?, ?, ?)
Hibernate: insert into usuarios (email, fecha_creacion, password, role, username, id) values (?, ?, ?, ?, ?, ?)
2025-06-11 11:44:58.326 TRACE 35636 --- [    Test worker] o.h.type.descriptor.sql.BasicBinder      : binding parameter [1] as [VARCHAR] - [user2@test.com]
2025-06-11 11:44:58.326 TRACE 35636 --- [    Test worker] o.h.type.descriptor.sql.BasicBinder      : binding parameter [2] as [TIMESTAMP] - [Wed Jun 11 11:44:56 COT 2025]
2025-06-11 11:44:58.326 TRACE 35636 --- [    Test worker] o.h.type.descriptor.sql.BasicBinder      : binding parameter [3] as [VARCHAR] - [pass2]
2025-06-11 11:44:58.327 TRACE 35636 --- [    Test worker] o.h.type.descriptor.sql.BasicBinder      : binding parameter [4] as [VARCHAR] - [USER]
2025-06-11 11:44:58.327 TRACE 35636 --- [    Test worker] o.h.type.descriptor.sql.BasicBinder      : binding parameter [5] as [VARCHAR] - [user2]
2025-06-11 11:44:58.327 TRACE 35636 --- [    Test worker] o.h.type.descriptor.sql.BasicBinder      : binding parameter [6] as [BIGINT] - [3]
2025-06-11 11:44:58.348 DEBUG 35636 --- [    Test worker] org.hibernate.SQL                        : SELECT * FROM usuarios WHERE role = ?
Hibernate: SELECT * FROM usuarios WHERE role = ?
2025-06-11 11:44:58.350 TRACE 35636 --- [    Test worker] o.h.type.descriptor.sql.BasicBinder      : binding parameter [1] as [VARCHAR] - [USER]
2025-06-11 11:44:58.365  INFO 35636 --- [    Test worker] o.s.t.c.transaction.TransactionContext   : Rolled back transaction for test: [DefaultTestContext@20e5fa1e testClass = UsuarioServiceTest, testInstance = com.proyecto.UsuarioServiceTest@3942e213, testMethod = testObtenerUsuariosPorRol@UsuarioServiceTest, testException = [null], mergedContextConfiguration = [WebMergedContextConfiguration@7676c5b0 testClass = UsuarioServiceTest, locations = '{}', classes = '{class com.proyecto.Application}', contextInitializerClasses = '[]', activeProfiles = '{}', propertySourceLocations = '{}', propertySourceProperties = '{org.springframework.boot.test.context.SpringBootTestContextBootstrapper=true}', contextCustomizers = set[org.springframework.boot.test.autoconfigure.actuate.metrics.MetricsExportContextCustomizerFactory$DisableMetricExportContextCustomizer@50574307, org.springframework.boot.test.autoconfigure.properties.PropertyMappingContextCustomizer@0, org.springframework.boot.test.autoconfigure.web.servlet.WebDriverContextCustomizerFactory$Customizer@75151cb6, org.springframework.boot.test.context.filter.ExcludeFilterContextCustomizer@d1ef7b, org.springframework.boot.test.json.DuplicateJsonObjectContextCustomizerFactory$DuplicateJsonObjectContextCustomizer@450497bc, org.springframework.boot.test.mock.mockito.MockitoContextCustomizer@0, org.springframework.boot.test.web.client.TestRestTemplateContextCustomizer@228e32b8, org.springframework.boot.test.context.SpringBootTestArgs@1, org.springframework.boot.test.context.SpringBootTestWebEnvironment@3f1c3583], resourceBasePath = 'src/main/webapp', contextLoader = 'org.springframework.boot.test.context.SpringBootContextLoader', parent = [null]], attributes = map['org.springframework.test.context.web.ServletTestExecutionListener.activateListener' -> true, 'org.springframework.test.context.web.ServletTestExecutionListener.populatedRequestContextHolder' -> true, 'org.springframework.test.context.web.ServletTestExecutionListener.resetRequestContextHolder' -> true, 'org.springframework.test.context.event.ApplicationEventsTestExecutionListener.recordApplicationEvents' -> false]]
2025-06-11 11:44:58.368  INFO 35636 --- [    Test worker] o.s.t.c.transaction.TransactionContext   : Began transaction (1) for test context [DefaultTestContext@20e5fa1e testClass = UsuarioServiceTest, testInstance = com.proyecto.UsuarioServiceTest@63532183, testMethod = testLogin@UsuarioServiceTest, testException = [null], mergedContextConfiguration = [WebMergedContextConfiguration@7676c5b0 testClass = UsuarioServiceTest, locations = '{}', classes = '{class com.proyecto.Application}', contextInitializerClasses = '[]', activeProfiles = '{}', propertySourceLocations = '{}', propertySourceProperties = '{org.springframework.boot.test.context.SpringBootTestContextBootstrapper=true}', contextCustomizers = set[org.springframework.boot.test.autoconfigure.actuate.metrics.MetricsExportContextCustomizerFactory$DisableMetricExportContextCustomizer@50574307, org.springframework.boot.test.autoconfigure.properties.PropertyMappingContextCustomizer@0, org.springframework.boot.test.autoconfigure.web.servlet.WebDriverContextCustomizerFactory$Customizer@75151cb6, org.springframework.boot.test.context.filter.ExcludeFilterContextCustomizer@d1ef7b, org.springframework.boot.test.json.DuplicateJsonObjectContextCustomizerFactory$DuplicateJsonObjectContextCustomizer@450497bc, org.springframework.boot.test.mock.mockito.MockitoContextCustomizer@0, org.springframework.boot.test.web.client.TestRestTemplateContextCustomizer@228e32b8, org.springframework.boot.test.context.SpringBootTestArgs@1, org.springframework.boot.test.context.SpringBootTestWebEnvironment@3f1c3583], resourceBasePath = 'src/main/webapp', contextLoader = 'org.springframework.boot.test.context.SpringBootContextLoader', parent = [null]], attributes = map['org.springframework.test.context.web.ServletTestExecutionListener.activateListener' -> true, 'org.springframework.test.context.web.ServletTestExecutionListener.populatedRequestContextHolder' -> true, 'org.springframework.test.context.web.ServletTestExecutionListener.resetRequestContextHolder' -> true, 'org.springframework.test.context.event.ApplicationEventsTestExecutionListener.recordApplicationEvents' -> false]]; transaction manager [org.springframework.orm.jpa.JpaTransactionManager@735e1ef7]; rollback [true]
2025-06-11 11:44:58.371 DEBUG 35636 --- [    Test worker] org.hibernate.SQL                        : select usuario0_.id as id1_0_, usuario0_.email as email2_0_, usuario0_.fecha_creacion as fecha_cr3_0_, usuario0_.password as password4_0_, usuario0_.role as role5_0_, usuario0_.username as username6_0_ from usuarios usuario0_
Hibernate: select usuario0_.id as id1_0_, usuario0_.email as email2_0_, usuario0_.fecha_creacion as fecha_cr3_0_, usuario0_.password as password4_0_, usuario0_.role as role5_0_, usuario0_.username as username6_0_ from usuarios usuario0_
2025-06-11 11:44:58.372 DEBUG 35636 --- [    Test worker] org.hibernate.SQL                        : call next value for hibernate_sequence
Hibernate: call next value for hibernate_sequence
2025-06-11 11:44:58.373 DEBUG 35636 --- [    Test worker] org.hibernate.SQL                        : call next value for hibernate_sequence
Hibernate: call next value for hibernate_sequence
2025-06-11 11:44:58.376 DEBUG 35636 --- [    Test worker] org.hibernate.SQL                        : insert into usuarios (email, fecha_creacion, password, role, username, id) values (?, ?, ?, ?, ?, ?)
Hibernate: insert into usuarios (email, fecha_creacion, password, role, username, id) values (?, ?, ?, ?, ?, ?)
2025-06-11 11:44:58.377 TRACE 35636 --- [    Test worker] o.h.type.descriptor.sql.BasicBinder      : binding parameter [1] as [VARCHAR] - [test@test.com]
2025-06-11 11:44:58.377 TRACE 35636 --- [    Test worker] o.h.type.descriptor.sql.BasicBinder      : binding parameter [2] as [TIMESTAMP] - [Wed Jun 11 11:44:58 COT 2025]
2025-06-11 11:44:58.377 TRACE 35636 --- [    Test worker] o.h.type.descriptor.sql.BasicBinder      : binding parameter [3] as [VARCHAR] - [password123]
2025-06-11 11:44:58.377 TRACE 35636 --- [    Test worker] o.h.type.descriptor.sql.BasicBinder      : binding parameter [4] as [VARCHAR] - [USER]
2025-06-11 11:44:58.377 TRACE 35636 --- [    Test worker] o.h.type.descriptor.sql.BasicBinder      : binding parameter [5] as [VARCHAR] - [testuser]
2025-06-11 11:44:58.377 TRACE 35636 --- [    Test worker] o.h.type.descriptor.sql.BasicBinder      : binding parameter [6] as [BIGINT] - [4]
2025-06-11 11:44:58.377 DEBUG 35636 --- [    Test worker] org.hibernate.SQL                        : insert into usuarios (email, fecha_creacion, password, role, username, id) values (?, ?, ?, ?, ?, ?)
Hibernate: insert into usuarios (email, fecha_creacion, password, role, username, id) values (?, ?, ?, ?, ?, ?)
2025-06-11 11:44:58.378 TRACE 35636 --- [    Test worker] o.h.type.descriptor.sql.BasicBinder      : binding parameter [1] as [VARCHAR] - [login@test.com]
2025-06-11 11:44:58.378 TRACE 35636 --- [    Test worker] o.h.type.descriptor.sql.BasicBinder      : binding parameter [2] as [TIMESTAMP] - [Wed Jun 11 11:44:58 COT 2025]
2025-06-11 11:44:58.378 TRACE 35636 --- [    Test worker] o.h.type.descriptor.sql.BasicBinder      : binding parameter [3] as [VARCHAR] - [loginpass]
2025-06-11 11:44:58.378 TRACE 35636 --- [    Test worker] o.h.type.descriptor.sql.BasicBinder      : binding parameter [4] as [VARCHAR] - [USER]
2025-06-11 11:44:58.378 TRACE 35636 --- [    Test worker] o.h.type.descriptor.sql.BasicBinder      : binding parameter [5] as [VARCHAR] - [loginuser]
2025-06-11 11:44:58.378 TRACE 35636 --- [    Test worker] o.h.type.descriptor.sql.BasicBinder      : binding parameter [6] as [BIGINT] - [5]
2025-06-11 11:44:58.379 DEBUG 35636 --- [    Test worker] org.hibernate.SQL                        : SELECT * FROM usuarios WHERE username = ?
Hibernate: SELECT * FROM usuarios WHERE username = ?
2025-06-11 11:44:58.380 TRACE 35636 --- [    Test worker] o.h.type.descriptor.sql.BasicBinder      : binding parameter [1] as [VARCHAR] - [loginuser]
2025-06-11 11:44:58.382 DEBUG 35636 --- [    Test worker] org.hibernate.SQL                        : SELECT * FROM usuarios WHERE username = ?
Hibernate: SELECT * FROM usuarios WHERE username = ?
2025-06-11 11:44:58.382 TRACE 35636 --- [    Test worker] o.h.type.descriptor.sql.BasicBinder      : binding parameter [1] as [VARCHAR] - [loginuser]
2025-06-11 11:44:58.384 DEBUG 35636 --- [    Test worker] org.hibernate.SQL                        : SELECT * FROM usuarios WHERE username = ?
Hibernate: SELECT * FROM usuarios WHERE username = ?
2025-06-11 11:44:58.385 TRACE 35636 --- [    Test worker] o.h.type.descriptor.sql.BasicBinder      : binding parameter [1] as [VARCHAR] - [nonexistent]
2025-06-11 11:44:58.390  INFO 35636 --- [    Test worker] o.s.t.c.transaction.TransactionContext   : Rolled back transaction for test: [DefaultTestContext@20e5fa1e testClass = UsuarioServiceTest, testInstance = com.proyecto.UsuarioServiceTest@63532183, testMethod = testLogin@UsuarioServiceTest, testException = [null], mergedContextConfiguration = [WebMergedContextConfiguration@7676c5b0 testClass = UsuarioServiceTest, locations = '{}', classes = '{class com.proyecto.Application}', contextInitializerClasses = '[]', activeProfiles = '{}', propertySourceLocations = '{}', propertySourceProperties = '{org.springframework.boot.test.context.SpringBootTestContextBootstrapper=true}', contextCustomizers = set[org.springframework.boot.test.autoconfigure.actuate.metrics.MetricsExportContextCustomizerFactory$DisableMetricExportContextCustomizer@50574307, org.springframework.boot.test.autoconfigure.properties.PropertyMappingContextCustomizer@0, org.springframework.boot.test.autoconfigure.web.servlet.WebDriverContextCustomizerFactory$Customizer@75151cb6, org.springframework.boot.test.context.filter.ExcludeFilterContextCustomizer@d1ef7b, org.springframework.boot.test.json.DuplicateJsonObjectContextCustomizerFactory$DuplicateJsonObjectContextCustomizer@450497bc, org.springframework.boot.test.mock.mockito.MockitoContextCustomizer@0, org.springframework.boot.test.web.client.TestRestTemplateContextCustomizer@228e32b8, org.springframework.boot.test.context.SpringBootTestArgs@1, org.springframework.boot.test.context.SpringBootTestWebEnvironment@3f1c3583], resourceBasePath = 'src/main/webapp', contextLoader = 'org.springframework.boot.test.context.SpringBootContextLoader', parent = [null]], attributes = map['org.springframework.test.context.web.ServletTestExecutionListener.activateListener' -> true, 'org.springframework.test.context.web.ServletTestExecutionListener.populatedRequestContextHolder' -> true, 'org.springframework.test.context.web.ServletTestExecutionListener.resetRequestContextHolder' -> true, 'org.springframework.test.context.event.ApplicationEventsTestExecutionListener.recordApplicationEvents' -> false]]
2025-06-11 11:44:58.392  INFO 35636 --- [    Test worker] o.s.t.c.transaction.TransactionContext   : Began transaction (1) for test context [DefaultTestContext@20e5fa1e testClass = UsuarioServiceTest, testInstance = com.proyecto.UsuarioServiceTest@5b412169, testMethod = testRegistrarUsuario@UsuarioServiceTest, testException = [null], mergedContextConfiguration = [WebMergedContextConfiguration@7676c5b0 testClass = UsuarioServiceTest, locations = '{}', classes = '{class com.proyecto.Application}', contextInitializerClasses = '[]', activeProfiles = '{}', propertySourceLocations = '{}', propertySourceProperties = '{org.springframework.boot.test.context.SpringBootTestContextBootstrapper=true}', contextCustomizers = set[org.springframework.boot.test.autoconfigure.actuate.metrics.MetricsExportContextCustomizerFactory$DisableMetricExportContextCustomizer@50574307, org.springframework.boot.test.autoconfigure.properties.PropertyMappingContextCustomizer@0, org.springframework.boot.test.autoconfigure.web.servlet.WebDriverContextCustomizerFactory$Customizer@75151cb6, org.springframework.boot.test.context.filter.ExcludeFilterContextCustomizer@d1ef7b, org.springframework.boot.test.json.DuplicateJsonObjectContextCustomizerFactory$DuplicateJsonObjectContextCustomizer@450497bc, org.springframework.boot.test.mock.mockito.MockitoContextCustomizer@0, org.springframework.boot.test.web.client.TestRestTemplateContextCustomizer@228e32b8, org.springframework.boot.test.context.SpringBootTestArgs@1, org.springframework.boot.test.context.SpringBootTestWebEnvironment@3f1c3583], resourceBasePath = 'src/main/webapp', contextLoader = 'org.springframework.boot.test.context.SpringBootContextLoader', parent = [null]], attributes = map['org.springframework.test.context.web.ServletTestExecutionListener.activateListener' -> true, 'org.springframework.test.context.web.ServletTestExecutionListener.populatedRequestContextHolder' -> true, 'org.springframework.test.context.web.ServletTestExecutionListener.resetRequestContextHolder' -> true, 'org.springframework.test.context.event.ApplicationEventsTestExecutionListener.recordApplicationEvents' -> false]]; transaction manager [org.springframework.orm.jpa.JpaTransactionManager@735e1ef7]; rollback [true]
2025-06-11 11:44:58.394 DEBUG 35636 --- [    Test worker] org.hibernate.SQL                        : select usuario0_.id as id1_0_, usuario0_.email as email2_0_, usuario0_.fecha_creacion as fecha_cr3_0_, usuario0_.password as password4_0_, usuario0_.role as role5_0_, usuario0_.username as username6_0_ from usuarios usuario0_
Hibernate: select usuario0_.id as id1_0_, usuario0_.email as email2_0_, usuario0_.fecha_creacion as fecha_cr3_0_, usuario0_.password as password4_0_, usuario0_.role as role5_0_, usuario0_.username as username6_0_ from usuarios usuario0_
2025-06-11 11:44:58.395 DEBUG 35636 --- [    Test worker] org.hibernate.SQL                        : call next value for hibernate_sequence
Hibernate: call next value for hibernate_sequence
2025-06-11 11:44:58.396 DEBUG 35636 --- [    Test worker] org.hibernate.SQL                        : call next value for hibernate_sequence
Hibernate: call next value for hibernate_sequence
2025-06-11 11:44:58.411  INFO 35636 --- [    Test worker] o.s.t.c.transaction.TransactionContext   : Rolled back transaction for test: [DefaultTestContext@20e5fa1e testClass = UsuarioServiceTest, testInstance = com.proyecto.UsuarioServiceTest@5b412169, testMethod = testRegistrarUsuario@UsuarioServiceTest, testException = [null], mergedContextConfiguration = [WebMergedContextConfiguration@7676c5b0 testClass = UsuarioServiceTest, locations = '{}', classes = '{class com.proyecto.Application}', contextInitializerClasses = '[]', activeProfiles = '{}', propertySourceLocations = '{}', propertySourceProperties = '{org.springframework.boot.test.context.SpringBootTestContextBootstrapper=true}', contextCustomizers = set[org.springframework.boot.test.autoconfigure.actuate.metrics.MetricsExportContextCustomizerFactory$DisableMetricExportContextCustomizer@50574307, org.springframework.boot.test.autoconfigure.properties.PropertyMappingContextCustomizer@0, org.springframework.boot.test.autoconfigure.web.servlet.WebDriverContextCustomizerFactory$Customizer@75151cb6, org.springframework.boot.test.context.filter.ExcludeFilterContextCustomizer@d1ef7b, org.springframework.boot.test.json.DuplicateJsonObjectContextCustomizerFactory$DuplicateJsonObjectContextCustomizer@450497bc, org.springframework.boot.test.mock.mockito.MockitoContextCustomizer@0, org.springframework.boot.test.web.client.TestRestTemplateContextCustomizer@228e32b8, org.springframework.boot.test.context.SpringBootTestArgs@1, org.springframework.boot.test.context.SpringBootTestWebEnvironment@3f1c3583], resourceBasePath = 'src/main/webapp', contextLoader = 'org.springframework.boot.test.context.SpringBootContextLoader', parent = [null]], attributes = map['org.springframework.test.context.web.ServletTestExecutionListener.activateListener' -> true, 'org.springframework.test.context.web.ServletTestExecutionListener.populatedRequestContextHolder' -> true, 'org.springframework.test.context.web.ServletTestExecutionListener.resetRequestContextHolder' -> true, 'org.springframework.test.context.event.ApplicationEventsTestExecutionListener.recordApplicationEvents' -> false]]
2025-06-11 11:44:58.414  INFO 35636 --- [    Test worker] o.s.t.c.transaction.TransactionContext   : Began transaction (1) for test context [DefaultTestContext@20e5fa1e testClass = UsuarioServiceTest, testInstance = com.proyecto.UsuarioServiceTest@79c54606, testMethod = testMultipleOperaciones@UsuarioServiceTest, testException = [null], mergedContextConfiguration = [WebMergedContextConfiguration@7676c5b0 testClass = UsuarioServiceTest, locations = '{}', classes = '{class com.proyecto.Application}', contextInitializerClasses = '[]', activeProfiles = '{}', propertySourceLocations = '{}', propertySourceProperties = '{org.springframework.boot.test.context.SpringBootTestContextBootstrapper=true}', contextCustomizers = set[org.springframework.boot.test.autoconfigure.actuate.metrics.MetricsExportContextCustomizerFactory$DisableMetricExportContextCustomizer@50574307, org.springframework.boot.test.autoconfigure.properties.PropertyMappingContextCustomizer@0, org.springframework.boot.test.autoconfigure.web.servlet.WebDriverContextCustomizerFactory$Customizer@75151cb6, org.springframework.boot.test.context.filter.ExcludeFilterContextCustomizer@d1ef7b, org.springframework.boot.test.json.DuplicateJsonObjectContextCustomizerFactory$DuplicateJsonObjectContextCustomizer@450497bc, org.springframework.boot.test.mock.mockito.MockitoContextCustomizer@0, org.springframework.boot.test.web.client.TestRestTemplateContextCustomizer@228e32b8, org.springframework.boot.test.context.SpringBootTestArgs@1, org.springframework.boot.test.context.SpringBootTestWebEnvironment@3f1c3583], resourceBasePath = 'src/main/webapp', contextLoader = 'org.springframework.boot.test.context.SpringBootContextLoader', parent = [null]], attributes = map['org.springframework.test.context.web.ServletTestExecutionListener.activateListener' -> true, 'org.springframework.test.context.web.ServletTestExecutionListener.populatedRequestContextHolder' -> true, 'org.springframework.test.context.web.ServletTestExecutionListener.resetRequestContextHolder' -> true, 'org.springframework.test.context.event.ApplicationEventsTestExecutionListener.recordApplicationEvents' -> false]]; transaction manager [org.springframework.orm.jpa.JpaTransactionManager@735e1ef7]; rollback [true]
2025-06-11 11:44:58.416 DEBUG 35636 --- [    Test worker] org.hibernate.SQL                        : select usuario0_.id as id1_0_, usuario0_.email as email2_0_, usuario0_.fecha_creacion as fecha_cr3_0_, usuario0_.password as password4_0_, usuario0_.role as role5_0_, usuario0_.username as username6_0_ from usuarios usuario0_
Hibernate: select usuario0_.id as id1_0_, usuario0_.email as email2_0_, usuario0_.fecha_creacion as fecha_cr3_0_, usuario0_.password as password4_0_, usuario0_.role as role5_0_, usuario0_.username as username6_0_ from usuarios usuario0_
2025-06-11 11:44:58.418 DEBUG 35636 --- [    Test worker] org.hibernate.SQL                        : call next value for hibernate_sequence
Hibernate: call next value for hibernate_sequence
2025-06-11 11:44:58.419 DEBUG 35636 --- [    Test worker] org.hibernate.SQL                        : call next value for hibernate_sequence
Hibernate: call next value for hibernate_sequence
2025-06-11 11:44:58.420 DEBUG 35636 --- [    Test worker] org.hibernate.SQL                        : call next value for hibernate_sequence
Hibernate: call next value for hibernate_sequence
2025-06-11 11:44:58.422 DEBUG 35636 --- [    Test worker] org.hibernate.SQL                        : insert into usuarios (email, fecha_creacion, password, role, username, id) values (?, ?, ?, ?, ?, ?)
Hibernate: insert into usuarios (email, fecha_creacion, password, role, username, id) values (?, ?, ?, ?, ?, ?)
2025-06-11 11:44:58.423 TRACE 35636 --- [    Test worker] o.h.type.descriptor.sql.BasicBinder      : binding parameter [1] as [VARCHAR] - [test@test.com]
2025-06-11 11:44:58.423 TRACE 35636 --- [    Test worker] o.h.type.descriptor.sql.BasicBinder      : binding parameter [2] as [TIMESTAMP] - [Wed Jun 11 11:44:58 COT 2025]
2025-06-11 11:44:58.423 TRACE 35636 --- [    Test worker] o.h.type.descriptor.sql.BasicBinder      : binding parameter [3] as [VARCHAR] - [password123]
2025-06-11 11:44:58.423 TRACE 35636 --- [    Test worker] o.h.type.descriptor.sql.BasicBinder      : binding parameter [4] as [VARCHAR] - [USER]
2025-06-11 11:44:58.423 TRACE 35636 --- [    Test worker] o.h.type.descriptor.sql.BasicBinder      : binding parameter [5] as [VARCHAR] - [testuser]
2025-06-11 11:44:58.423 TRACE 35636 --- [    Test worker] o.h.type.descriptor.sql.BasicBinder      : binding parameter [6] as [BIGINT] - [8]
2025-06-11 11:44:58.424 DEBUG 35636 --- [    Test worker] org.hibernate.SQL                        : insert into usuarios (email, fecha_creacion, password, role, username, id) values (?, ?, ?, ?, ?, ?)
Hibernate: insert into usuarios (email, fecha_creacion, password, role, username, id) values (?, ?, ?, ?, ?, ?)
2025-06-11 11:44:58.424 TRACE 35636 --- [    Test worker] o.h.type.descriptor.sql.BasicBinder      : binding parameter [1] as [VARCHAR] - [user1@test.com]
2025-06-11 11:44:58.424 TRACE 35636 --- [    Test worker] o.h.type.descriptor.sql.BasicBinder      : binding parameter [2] as [TIMESTAMP] - [Wed Jun 11 11:44:58 COT 2025]
2025-06-11 11:44:58.424 TRACE 35636 --- [    Test worker] o.h.type.descriptor.sql.BasicBinder      : binding parameter [3] as [VARCHAR] - [pass1]
2025-06-11 11:44:58.424 TRACE 35636 --- [    Test worker] o.h.type.descriptor.sql.BasicBinder      : binding parameter [4] as [VARCHAR] - [USER]
2025-06-11 11:44:58.425 TRACE 35636 --- [    Test worker] o.h.type.descriptor.sql.BasicBinder      : binding parameter [5] as [VARCHAR] - [user1]
2025-06-11 11:44:58.425 TRACE 35636 --- [    Test worker] o.h.type.descriptor.sql.BasicBinder      : binding parameter [6] as [BIGINT] - [9]
2025-06-11 11:44:58.425 DEBUG 35636 --- [    Test worker] org.hibernate.SQL                        : insert into usuarios (email, fecha_creacion, password, role, username, id) values (?, ?, ?, ?, ?, ?)
Hibernate: insert into usuarios (email, fecha_creacion, password, role, username, id) values (?, ?, ?, ?, ?, ?)
2025-06-11 11:44:58.426 TRACE 35636 --- [    Test worker] o.h.type.descriptor.sql.BasicBinder      : binding parameter [1] as [VARCHAR] - [user2@test.com]
2025-06-11 11:44:58.426 TRACE 35636 --- [    Test worker] o.h.type.descriptor.sql.BasicBinder      : binding parameter [2] as [TIMESTAMP] - [Wed Jun 11 11:44:58 COT 2025]
2025-06-11 11:44:58.426 TRACE 35636 --- [    Test worker] o.h.type.descriptor.sql.BasicBinder      : binding parameter [3] as [VARCHAR] - [pass2]
2025-06-11 11:44:58.426 TRACE 35636 --- [    Test worker] o.h.type.descriptor.sql.BasicBinder      : binding parameter [4] as [VARCHAR] - [USER]
2025-06-11 11:44:58.427 TRACE 35636 --- [    Test worker] o.h.type.descriptor.sql.BasicBinder      : binding parameter [5] as [VARCHAR] - [user2]
2025-06-11 11:44:58.427 TRACE 35636 --- [    Test worker] o.h.type.descriptor.sql.BasicBinder      : binding parameter [6] as [BIGINT] - [10]
2025-06-11 11:44:58.429 DEBUG 35636 --- [    Test worker] org.hibernate.SQL                        : SELECT * FROM usuarios WHERE username = ?
Hibernate: SELECT * FROM usuarios WHERE username = ?
2025-06-11 11:44:58.429 TRACE 35636 --- [    Test worker] o.h.type.descriptor.sql.BasicBinder      : binding parameter [1] as [VARCHAR] - [user1]
2025-06-11 11:44:58.431 DEBUG 35636 --- [    Test worker] org.hibernate.SQL                        : SELECT * FROM usuarios WHERE username = ?
Hibernate: SELECT * FROM usuarios WHERE username = ?
2025-06-11 11:44:58.431 TRACE 35636 --- [    Test worker] o.h.type.descriptor.sql.BasicBinder      : binding parameter [1] as [VARCHAR] - [user2]
2025-06-11 11:44:58.435  INFO 35636 --- [    Test worker] o.s.t.c.transaction.TransactionContext   : Rolled back transaction for test: [DefaultTestContext@20e5fa1e testClass = UsuarioServiceTest, testInstance = com.proyecto.UsuarioServiceTest@79c54606, testMethod = testMultipleOperaciones@UsuarioServiceTest, testException = [null], mergedContextConfiguration = [WebMergedContextConfiguration@7676c5b0 testClass = UsuarioServiceTest, locations = '{}', classes = '{class com.proyecto.Application}', contextInitializerClasses = '[]', activeProfiles = '{}', propertySourceLocations = '{}', propertySourceProperties = '{org.springframework.boot.test.context.SpringBootTestContextBootstrapper=true}', contextCustomizers = set[org.springframework.boot.test.autoconfigure.actuate.metrics.MetricsExportContextCustomizerFactory$DisableMetricExportContextCustomizer@50574307, org.springframework.boot.test.autoconfigure.properties.PropertyMappingContextCustomizer@0, org.springframework.boot.test.autoconfigure.web.servlet.WebDriverContextCustomizerFactory$Customizer@75151cb6, org.springframework.boot.test.context.filter.ExcludeFilterContextCustomizer@d1ef7b, org.springframework.boot.test.json.DuplicateJsonObjectContextCustomizerFactory$DuplicateJsonObjectContextCustomizer@450497bc, org.springframework.boot.test.mock.mockito.MockitoContextCustomizer@0, org.springframework.boot.test.web.client.TestRestTemplateContextCustomizer@228e32b8, org.springframework.boot.test.context.SpringBootTestArgs@1, org.springframework.boot.test.context.SpringBootTestWebEnvironment@3f1c3583], resourceBasePath = 'src/main/webapp', contextLoader = 'org.springframework.boot.test.context.SpringBootContextLoader', parent = [null]], attributes = map['org.springframework.test.context.web.ServletTestExecutionListener.activateListener' -> true, 'org.springframework.test.context.web.ServletTestExecutionListener.populatedRequestContextHolder' -> true, 'org.springframework.test.context.web.ServletTestExecutionListener.resetRequestContextHolder' -> true, 'org.springframework.test.context.event.ApplicationEventsTestExecutionListener.recordApplicationEvents' -> false]]
2025-06-11 11:44:58.437  INFO 35636 --- [    Test worker] o.s.t.c.transaction.TransactionContext   : Began transaction (1) for test context [DefaultTestContext@20e5fa1e testClass = UsuarioServiceTest, testInstance = com.proyecto.UsuarioServiceTest@3bca7339, testMethod = testEstadisticas@UsuarioServiceTest, testException = [null], mergedContextConfiguration = [WebMergedContextConfiguration@7676c5b0 testClass = UsuarioServiceTest, locations = '{}', classes = '{class com.proyecto.Application}', contextInitializerClasses = '[]', activeProfiles = '{}', propertySourceLocations = '{}', propertySourceProperties = '{org.springframework.boot.test.context.SpringBootTestContextBootstrapper=true}', contextCustomizers = set[org.springframework.boot.test.autoconfigure.actuate.metrics.MetricsExportContextCustomizerFactory$DisableMetricExportContextCustomizer@50574307, org.springframework.boot.test.autoconfigure.properties.PropertyMappingContextCustomizer@0, org.springframework.boot.test.autoconfigure.web.servlet.WebDriverContextCustomizerFactory$Customizer@75151cb6, org.springframework.boot.test.context.filter.ExcludeFilterContextCustomizer@d1ef7b, org.springframework.boot.test.json.DuplicateJsonObjectContextCustomizerFactory$DuplicateJsonObjectContextCustomizer@450497bc, org.springframework.boot.test.mock.mockito.MockitoContextCustomizer@0, org.springframework.boot.test.web.client.TestRestTemplateContextCustomizer@228e32b8, org.springframework.boot.test.context.SpringBootTestArgs@1, org.springframework.boot.test.context.SpringBootTestWebEnvironment@3f1c3583], resourceBasePath = 'src/main/webapp', contextLoader = 'org.springframework.boot.test.context.SpringBootContextLoader', parent = [null]], attributes = map['org.springframework.test.context.web.ServletTestExecutionListener.activateListener' -> true, 'org.springframework.test.context.web.ServletTestExecutionListener.populatedRequestContextHolder' -> true, 'org.springframework.test.context.web.ServletTestExecutionListener.resetRequestContextHolder' -> true, 'org.springframework.test.context.event.ApplicationEventsTestExecutionListener.recordApplicationEvents' -> false]]; transaction manager [org.springframework.orm.jpa.JpaTransactionManager@735e1ef7]; rollback [true]
2025-06-11 11:44:58.439 DEBUG 35636 --- [    Test worker] org.hibernate.SQL                        : select usuario0_.id as id1_0_, usuario0_.email as email2_0_, usuario0_.fecha_creacion as fecha_cr3_0_, usuario0_.password as password4_0_, usuario0_.role as role5_0_, usuario0_.username as username6_0_ from usuarios usuario0_
Hibernate: select usuario0_.id as id1_0_, usuario0_.email as email2_0_, usuario0_.fecha_creacion as fecha_cr3_0_, usuario0_.password as password4_0_, usuario0_.role as role5_0_, usuario0_.username as username6_0_ from usuarios usuario0_
2025-06-11 11:44:58.440 DEBUG 35636 --- [    Test worker] org.hibernate.SQL                        : call next value for hibernate_sequence
Hibernate: call next value for hibernate_sequence
2025-06-11 11:44:58.444  INFO 35636 --- [    Test worker] o.s.t.c.transaction.TransactionContext   : Rolled back transaction for test: [DefaultTestContext@20e5fa1e testClass = UsuarioServiceTest, testInstance = com.proyecto.UsuarioServiceTest@3bca7339, testMethod = testEstadisticas@UsuarioServiceTest, testException = [null], mergedContextConfiguration = [WebMergedContextConfiguration@7676c5b0 testClass = UsuarioServiceTest, locations = '{}', classes = '{class com.proyecto.Application}', contextInitializerClasses = '[]', activeProfiles = '{}', propertySourceLocations = '{}', propertySourceProperties = '{org.springframework.boot.test.context.SpringBootTestContextBootstrapper=true}', contextCustomizers = set[org.springframework.boot.test.autoconfigure.actuate.metrics.MetricsExportContextCustomizerFactory$DisableMetricExportContextCustomizer@50574307, org.springframework.boot.test.autoconfigure.properties.PropertyMappingContextCustomizer@0, org.springframework.boot.test.autoconfigure.web.servlet.WebDriverContextCustomizerFactory$Customizer@75151cb6, org.springframework.boot.test.context.filter.ExcludeFilterContextCustomizer@d1ef7b, org.springframework.boot.test.json.DuplicateJsonObjectContextCustomizerFactory$DuplicateJsonObjectContextCustomizer@450497bc, org.springframework.boot.test.mock.mockito.MockitoContextCustomizer@0, org.springframework.boot.test.web.client.TestRestTemplateContextCustomizer@228e32b8, org.springframework.boot.test.context.SpringBootTestArgs@1, org.springframework.boot.test.context.SpringBootTestWebEnvironment@3f1c3583], resourceBasePath = 'src/main/webapp', contextLoader = 'org.springframework.boot.test.context.SpringBootContextLoader', parent = [null]], attributes = map['org.springframework.test.context.web.ServletTestExecutionListener.activateListener' -> true, 'org.springframework.test.context.web.ServletTestExecutionListener.populatedRequestContextHolder' -> true, 'org.springframework.test.context.web.ServletTestExecutionListener.resetRequestContextHolder' -> true, 'org.springframework.test.context.event.ApplicationEventsTestExecutionListener.recordApplicationEvents' -> false]]
]]></system-out>
  <system-err><![CDATA[]]></system-err>
</testsuite>
