<?xml version="1.0" encoding="UTF-8"?>
<testsuite name="com.proyecto.UsuarioServiceTest" tests="5" skipped="0" failures="0" errors="0" timestamp="2025-06-11T16:21:42" hostname="Cristhians-MacBook-Pro.local" time="1.735">
  <properties/>
  <testcase name="testObtenerUsuariosPorRol" classname="com.proyecto.UsuarioServiceTest" time="1.71"/>
  <testcase name="testLogin" classname="com.proyecto.UsuarioServiceTest" time="0.008"/>
  <testcase name="testRegistrarUsuario" classname="com.proyecto.UsuarioServiceTest" time="0.007"/>
  <testcase name="testMultipleOperaciones" classname="com.proyecto.UsuarioServiceTest" time="0.007"/>
  <testcase name="testEstadisticas" classname="com.proyecto.UsuarioServiceTest" time="0.003"/>
  <system-out><![CDATA[11:21:40.513 [Test worker] DEBUG org.springframework.test.context.junit4.SpringJUnit4ClassRunner - SpringJUnit4ClassRunner constructor called with [class com.proyecto.UsuarioServiceTest]
11:21:40.521 [Test worker] DEBUG org.springframework.test.context.BootstrapUtils - Instantiating CacheAwareContextLoaderDelegate from class [org.springframework.test.context.cache.DefaultCacheAwareContextLoaderDelegate]
11:21:40.526 [Test worker] DEBUG org.springframework.test.context.BootstrapUtils - Instantiating BootstrapContext using constructor [public org.springframework.test.context.support.DefaultBootstrapContext(java.lang.Class,org.springframework.test.context.CacheAwareContextLoaderDelegate)]
11:21:40.566 [Test worker] DEBUG org.springframework.test.context.BootstrapUtils - Instantiating TestContextBootstrapper for test class [com.proyecto.UsuarioServiceTest] from class [org.springframework.boot.test.context.SpringBootTestContextBootstrapper]
11:21:40.573 [Test worker] INFO org.springframework.boot.test.context.SpringBootTestContextBootstrapper - Neither @ContextConfiguration nor @ContextHierarchy found for test class [com.proyecto.UsuarioServiceTest], using SpringBootContextLoader
11:21:40.577 [Test worker] DEBUG org.springframework.test.context.support.AbstractContextLoader - Did not detect default resource location for test class [com.proyecto.UsuarioServiceTest]: class path resource [com/proyecto/UsuarioServiceTest-context.xml] does not exist
11:21:40.577 [Test worker] DEBUG org.springframework.test.context.support.AbstractContextLoader - Did not detect default resource location for test class [com.proyecto.UsuarioServiceTest]: class path resource [com/proyecto/UsuarioServiceTestContext.groovy] does not exist
11:21:40.577 [Test worker] INFO org.springframework.test.context.support.AbstractContextLoader - Could not detect default resource locations for test class [com.proyecto.UsuarioServiceTest]: no resource found for suffixes {-context.xml, Context.groovy}.
11:21:40.578 [Test worker] INFO org.springframework.test.context.support.AnnotationConfigContextLoaderUtils - Could not detect default configuration classes for test class [com.proyecto.UsuarioServiceTest]: UsuarioServiceTest does not declare any static, non-private, non-final, nested classes annotated with @Configuration.
11:21:40.608 [Test worker] DEBUG org.springframework.test.context.support.ActiveProfilesUtils - Could not find an 'annotation declaring class' for annotation type [org.springframework.test.context.ActiveProfiles] and class [com.proyecto.UsuarioServiceTest]
11:21:40.649 [Test worker] DEBUG org.springframework.context.annotation.ClassPathScanningCandidateComponentProvider - Identified candidate component class: file [/Users/cristhian/Documents/Copilot/C4E-KIT-IA-S.6./Backend-java-8-bad-practice/build/classes/java/main/com/proyecto/Application.class]
11:21:40.649 [Test worker] INFO org.springframework.boot.test.context.SpringBootTestContextBootstrapper - Found @SpringBootConfiguration com.proyecto.Application for test class com.proyecto.UsuarioServiceTest
11:21:40.714 [Test worker] DEBUG org.springframework.boot.test.context.SpringBootTestContextBootstrapper - @TestExecutionListeners is not present for class [com.proyecto.UsuarioServiceTest]: using defaults.
11:21:40.714 [Test worker] INFO org.springframework.boot.test.context.SpringBootTestContextBootstrapper - Loaded default TestExecutionListener class names from location [META-INF/spring.factories]: [org.springframework.boot.test.autoconfigure.restdocs.RestDocsTestExecutionListener, org.springframework.boot.test.autoconfigure.web.client.MockRestServiceServerResetTestExecutionListener, org.springframework.boot.test.autoconfigure.web.servlet.MockMvcPrintOnlyOnFailureTestExecutionListener, org.springframework.boot.test.autoconfigure.web.servlet.WebDriverTestExecutionListener, org.springframework.boot.test.autoconfigure.webservices.client.MockWebServiceServerTestExecutionListener, org.springframework.boot.test.mock.mockito.MockitoTestExecutionListener, org.springframework.boot.test.mock.mockito.ResetMocksTestExecutionListener, org.springframework.test.context.web.ServletTestExecutionListener, org.springframework.test.context.support.DirtiesContextBeforeModesTestExecutionListener, org.springframework.test.context.event.ApplicationEventsTestExecutionListener, org.springframework.test.context.support.DependencyInjectionTestExecutionListener, org.springframework.test.context.support.DirtiesContextTestExecutionListener, org.springframework.test.context.transaction.TransactionalTestExecutionListener, org.springframework.test.context.jdbc.SqlScriptsTestExecutionListener, org.springframework.test.context.event.EventPublishingTestExecutionListener]
11:21:40.724 [Test worker] INFO org.springframework.boot.test.context.SpringBootTestContextBootstrapper - Using TestExecutionListeners: [org.springframework.test.context.web.ServletTestExecutionListener@6d5ffb7b, org.springframework.test.context.support.DirtiesContextBeforeModesTestExecutionListener@6b81d9f2, org.springframework.test.context.event.ApplicationEventsTestExecutionListener@295ed46b, org.springframework.boot.test.mock.mockito.MockitoTestExecutionListener@6e50939f, org.springframework.boot.test.autoconfigure.SpringBootDependencyInjectionTestExecutionListener@7cc6390d, org.springframework.test.context.support.DirtiesContextTestExecutionListener@19ed312e, org.springframework.test.context.transaction.TransactionalTestExecutionListener@46cf43f4, org.springframework.test.context.jdbc.SqlScriptsTestExecutionListener@2ce9fcd9, org.springframework.test.context.event.EventPublishingTestExecutionListener@61aaa618, org.springframework.boot.test.autoconfigure.restdocs.RestDocsTestExecutionListener@11be8f42, org.springframework.boot.test.autoconfigure.web.client.MockRestServiceServerResetTestExecutionListener@2dd2be62, org.springframework.boot.test.autoconfigure.web.servlet.MockMvcPrintOnlyOnFailureTestExecutionListener@4ebe9035, org.springframework.boot.test.autoconfigure.web.servlet.WebDriverTestExecutionListener@7a10759c, org.springframework.boot.test.autoconfigure.webservices.client.MockWebServiceServerTestExecutionListener@1f313103, org.springframework.boot.test.mock.mockito.ResetMocksTestExecutionListener@2728bd29]
11:21:40.725 [Test worker] DEBUG org.springframework.test.annotation.ProfileValueUtils - Retrieved @ProfileValueSourceConfiguration [null] for test class [com.proyecto.UsuarioServiceTest]
11:21:40.726 [Test worker] DEBUG org.springframework.test.annotation.ProfileValueUtils - Retrieved ProfileValueSource type [class org.springframework.test.annotation.SystemProfileValueSource] for class [com.proyecto.UsuarioServiceTest]
11:21:40.727 [Test worker] DEBUG org.springframework.test.annotation.ProfileValueUtils - Retrieved @ProfileValueSourceConfiguration [null] for test class [com.proyecto.UsuarioServiceTest]
11:21:40.727 [Test worker] DEBUG org.springframework.test.annotation.ProfileValueUtils - Retrieved ProfileValueSource type [class org.springframework.test.annotation.SystemProfileValueSource] for class [com.proyecto.UsuarioServiceTest]
11:21:40.728 [Test worker] DEBUG org.springframework.test.annotation.ProfileValueUtils - Retrieved @ProfileValueSourceConfiguration [null] for test class [com.proyecto.UsuarioServiceTest]
11:21:40.728 [Test worker] DEBUG org.springframework.test.annotation.ProfileValueUtils - Retrieved ProfileValueSource type [class org.springframework.test.annotation.SystemProfileValueSource] for class [com.proyecto.UsuarioServiceTest]
11:21:40.728 [Test worker] DEBUG org.springframework.test.annotation.ProfileValueUtils - Retrieved @ProfileValueSourceConfiguration [null] for test class [com.proyecto.UsuarioServiceTest]
11:21:40.728 [Test worker] DEBUG org.springframework.test.annotation.ProfileValueUtils - Retrieved ProfileValueSource type [class org.springframework.test.annotation.SystemProfileValueSource] for class [com.proyecto.UsuarioServiceTest]
11:21:40.731 [Test worker] DEBUG org.springframework.test.context.support.AbstractDirtiesContextTestExecutionListener - Before test class: context [DefaultTestContext@1c780ad2 testClass = UsuarioServiceTest, testInstance = [null], testMethod = [null], testException = [null], mergedContextConfiguration = [WebMergedContextConfiguration@3b476bdc testClass = UsuarioServiceTest, locations = '{}', classes = '{class com.proyecto.Application}', contextInitializerClasses = '[]', activeProfiles = '{}', propertySourceLocations = '{}', propertySourceProperties = '{org.springframework.boot.test.context.SpringBootTestContextBootstrapper=true}', contextCustomizers = set[org.springframework.boot.test.autoconfigure.actuate.metrics.MetricsExportContextCustomizerFactory$DisableMetricExportContextCustomizer@56bd2213, org.springframework.boot.test.autoconfigure.properties.PropertyMappingContextCustomizer@0, org.springframework.boot.test.autoconfigure.web.servlet.WebDriverContextCustomizerFactory$Customizer@58ce2bc4, org.springframework.boot.test.context.filter.ExcludeFilterContextCustomizer@1d5c0b8c, org.springframework.boot.test.json.DuplicateJsonObjectContextCustomizerFactory$DuplicateJsonObjectContextCustomizer@25092577, org.springframework.boot.test.mock.mockito.MockitoContextCustomizer@0, org.springframework.boot.test.web.client.TestRestTemplateContextCustomizer@2657f99b, org.springframework.boot.test.context.SpringBootTestArgs@1, org.springframework.boot.test.context.SpringBootTestWebEnvironment@417c25ad], resourceBasePath = 'src/main/webapp', contextLoader = 'org.springframework.boot.test.context.SpringBootContextLoader', parent = [null]], attributes = map['org.springframework.test.context.web.ServletTestExecutionListener.activateListener' -> true]], class annotated with @DirtiesContext [false] with mode [null].
11:21:40.732 [Test worker] DEBUG org.springframework.test.annotation.ProfileValueUtils - Retrieved @ProfileValueSourceConfiguration [null] for test class [com.proyecto.UsuarioServiceTest]
11:21:40.732 [Test worker] DEBUG org.springframework.test.annotation.ProfileValueUtils - Retrieved ProfileValueSource type [class org.springframework.test.annotation.SystemProfileValueSource] for class [com.proyecto.UsuarioServiceTest]

  .   ____          _            __ _ _
 /\\ / ___'_ __ _ _(_)_ __  __ _ \ \ \ \
( ( )\___ | '_ | '_| | '_ \/ _` | \ \ \ \
 \\/  ___)| |_)| | | | | || (_| |  ) ) ) )
  '  |____| .__|_| |_|_| |_\__, | / / / /
 =========|_|==============|___/=/_/_/_/
 :: Spring Boot ::                (v2.7.0)

2025-06-11 11:21:40.923  INFO 21050 --- [    Test worker] com.proyecto.UsuarioServiceTest          : Starting UsuarioServiceTest using Java 11.0.26 on Cristhians-MacBook-Pro.local with PID 21050 (started by cristhian in /Users/cristhian/Documents/Copilot/C4E-KIT-IA-S.6./Backend-java-8-bad-practice)
2025-06-11 11:21:40.924  INFO 21050 --- [    Test worker] com.proyecto.UsuarioServiceTest          : No active profile set, falling back to 1 default profile: "default"
2025-06-11 11:21:41.234  INFO 21050 --- [    Test worker] .s.d.r.c.RepositoryConfigurationDelegate : Bootstrapping Spring Data JPA repositories in DEFAULT mode.
2025-06-11 11:21:41.270  INFO 21050 --- [    Test worker] .s.d.r.c.RepositoryConfigurationDelegate : Finished Spring Data repository scanning in 23 ms. Found 1 JPA repository interfaces.
2025-06-11 11:21:41.546  INFO 21050 --- [    Test worker] o.hibernate.jpa.internal.util.LogHelper  : HHH000204: Processing PersistenceUnitInfo [name: default]
2025-06-11 11:21:41.580  INFO 21050 --- [    Test worker] org.hibernate.Version                    : HHH000412: Hibernate ORM core version 5.6.9.Final
2025-06-11 11:21:41.720  INFO 21050 --- [    Test worker] o.hibernate.annotations.common.Version   : HCANN000001: Hibernate Commons Annotations {5.1.2.Final}
2025-06-11 11:21:41.789  INFO 21050 --- [    Test worker] com.zaxxer.hikari.HikariDataSource       : HikariPool-1 - Starting...
2025-06-11 11:21:41.918  INFO 21050 --- [    Test worker] com.zaxxer.hikari.HikariDataSource       : HikariPool-1 - Start completed.
2025-06-11 11:21:41.930  INFO 21050 --- [    Test worker] org.hibernate.dialect.Dialect            : HHH000400: Using dialect: org.hibernate.dialect.H2Dialect
2025-06-11 11:21:42.249 DEBUG 21050 --- [    Test worker] org.hibernate.SQL                        : drop table if exists usuarios CASCADE 
Hibernate: drop table if exists usuarios CASCADE 
2025-06-11 11:21:42.250 DEBUG 21050 --- [    Test worker] org.hibernate.SQL                        : drop sequence if exists hibernate_sequence
Hibernate: drop sequence if exists hibernate_sequence
2025-06-11 11:21:42.252 DEBUG 21050 --- [    Test worker] org.hibernate.SQL                        : create sequence hibernate_sequence start with 1 increment by 1
Hibernate: create sequence hibernate_sequence start with 1 increment by 1
2025-06-11 11:21:42.253 DEBUG 21050 --- [    Test worker] org.hibernate.SQL                        : create table usuarios (id bigint not null, email varchar(255), fecha_creacion timestamp, password varchar(255), role varchar(255), username varchar(255), primary key (id))
Hibernate: create table usuarios (id bigint not null, email varchar(255), fecha_creacion timestamp, password varchar(255), role varchar(255), username varchar(255), primary key (id))
2025-06-11 11:21:42.257  INFO 21050 --- [    Test worker] o.h.e.t.j.p.i.JtaPlatformInitiator       : HHH000490: Using JtaPlatform implementation: [org.hibernate.engine.transaction.jta.platform.internal.NoJtaPlatform]
2025-06-11 11:21:42.262  INFO 21050 --- [    Test worker] j.LocalContainerEntityManagerFactoryBean : Initialized JPA EntityManagerFactory for persistence unit 'default'
2025-06-11 11:21:42.521  WARN 21050 --- [    Test worker] JpaBaseConfiguration$JpaWebConfiguration : spring.jpa.open-in-view is enabled by default. Therefore, database queries may be performed during view rendering. Explicitly configure spring.jpa.open-in-view to disable this warning
2025-06-11 11:21:42.636  INFO 21050 --- [    Test worker] o.s.b.a.h2.H2ConsoleAutoConfiguration    : H2 console available at '/h2-console'. Database available at 'jdbc:h2:mem:testdb'
2025-06-11 11:21:42.767  INFO 21050 --- [    Test worker] com.proyecto.UsuarioServiceTest          : Started UsuarioServiceTest in 2.009 seconds (JVM running for 2.626)
2025-06-11 11:21:42.784  INFO 21050 --- [    Test worker] o.s.t.c.transaction.TransactionContext   : Began transaction (1) for test context [DefaultTestContext@1c780ad2 testClass = UsuarioServiceTest, testInstance = com.proyecto.UsuarioServiceTest@5b1fbf4a, testMethod = testObtenerUsuariosPorRol@UsuarioServiceTest, testException = [null], mergedContextConfiguration = [WebMergedContextConfiguration@3b476bdc testClass = UsuarioServiceTest, locations = '{}', classes = '{class com.proyecto.Application}', contextInitializerClasses = '[]', activeProfiles = '{}', propertySourceLocations = '{}', propertySourceProperties = '{org.springframework.boot.test.context.SpringBootTestContextBootstrapper=true}', contextCustomizers = set[org.springframework.boot.test.autoconfigure.actuate.metrics.MetricsExportContextCustomizerFactory$DisableMetricExportContextCustomizer@56bd2213, org.springframework.boot.test.autoconfigure.properties.PropertyMappingContextCustomizer@0, org.springframework.boot.test.autoconfigure.web.servlet.WebDriverContextCustomizerFactory$Customizer@58ce2bc4, org.springframework.boot.test.context.filter.ExcludeFilterContextCustomizer@1d5c0b8c, org.springframework.boot.test.json.DuplicateJsonObjectContextCustomizerFactory$DuplicateJsonObjectContextCustomizer@25092577, org.springframework.boot.test.mock.mockito.MockitoContextCustomizer@0, org.springframework.boot.test.web.client.TestRestTemplateContextCustomizer@2657f99b, org.springframework.boot.test.context.SpringBootTestArgs@1, org.springframework.boot.test.context.SpringBootTestWebEnvironment@417c25ad], resourceBasePath = 'src/main/webapp', contextLoader = 'org.springframework.boot.test.context.SpringBootContextLoader', parent = [null]], attributes = map['org.springframework.test.context.web.ServletTestExecutionListener.activateListener' -> true, 'org.springframework.test.context.web.ServletTestExecutionListener.populatedRequestContextHolder' -> true, 'org.springframework.test.context.web.ServletTestExecutionListener.resetRequestContextHolder' -> true, 'org.springframework.test.context.event.ApplicationEventsTestExecutionListener.recordApplicationEvents' -> false]]; transaction manager [org.springframework.orm.jpa.JpaTransactionManager@6b11c9ee]; rollback [true]
2025-06-11 11:21:42.895 DEBUG 21050 --- [    Test worker] org.hibernate.SQL                        : select usuario0_.id as id1_0_, usuario0_.email as email2_0_, usuario0_.fecha_creacion as fecha_cr3_0_, usuario0_.password as password4_0_, usuario0_.role as role5_0_, usuario0_.username as username6_0_ from usuarios usuario0_
Hibernate: select usuario0_.id as id1_0_, usuario0_.email as email2_0_, usuario0_.fecha_creacion as fecha_cr3_0_, usuario0_.password as password4_0_, usuario0_.role as role5_0_, usuario0_.username as username6_0_ from usuarios usuario0_
2025-06-11 11:21:42.905 DEBUG 21050 --- [    Test worker] org.hibernate.SQL                        : call next value for hibernate_sequence
Hibernate: call next value for hibernate_sequence
2025-06-11 11:21:42.914 DEBUG 21050 --- [    Test worker] org.hibernate.SQL                        : call next value for hibernate_sequence
Hibernate: call next value for hibernate_sequence
2025-06-11 11:21:42.914 DEBUG 21050 --- [    Test worker] org.hibernate.SQL                        : call next value for hibernate_sequence
Hibernate: call next value for hibernate_sequence
2025-06-11 11:21:44.458 DEBUG 21050 --- [    Test worker] org.hibernate.SQL                        : insert into usuarios (email, fecha_creacion, password, role, username, id) values (?, ?, ?, ?, ?, ?)
Hibernate: insert into usuarios (email, fecha_creacion, password, role, username, id) values (?, ?, ?, ?, ?, ?)
2025-06-11 11:21:44.460 TRACE 21050 --- [    Test worker] o.h.type.descriptor.sql.BasicBinder      : binding parameter [1] as [VARCHAR] - [test@test.com]
2025-06-11 11:21:44.469 TRACE 21050 --- [    Test worker] o.h.type.descriptor.sql.BasicBinder      : binding parameter [2] as [TIMESTAMP] - [Wed Jun 11 11:21:42 COT 2025]
2025-06-11 11:21:44.473 TRACE 21050 --- [    Test worker] o.h.type.descriptor.sql.BasicBinder      : binding parameter [3] as [VARCHAR] - [password123]
2025-06-11 11:21:44.473 TRACE 21050 --- [    Test worker] o.h.type.descriptor.sql.BasicBinder      : binding parameter [4] as [VARCHAR] - [USER]
2025-06-11 11:21:44.473 TRACE 21050 --- [    Test worker] o.h.type.descriptor.sql.BasicBinder      : binding parameter [5] as [VARCHAR] - [testuser]
2025-06-11 11:21:44.473 TRACE 21050 --- [    Test worker] o.h.type.descriptor.sql.BasicBinder      : binding parameter [6] as [BIGINT] - [1]
2025-06-11 11:21:44.475 DEBUG 21050 --- [    Test worker] org.hibernate.SQL                        : insert into usuarios (email, fecha_creacion, password, role, username, id) values (?, ?, ?, ?, ?, ?)
Hibernate: insert into usuarios (email, fecha_creacion, password, role, username, id) values (?, ?, ?, ?, ?, ?)
2025-06-11 11:21:44.475 TRACE 21050 --- [    Test worker] o.h.type.descriptor.sql.BasicBinder      : binding parameter [1] as [VARCHAR] - [user1@test.com]
2025-06-11 11:21:44.475 TRACE 21050 --- [    Test worker] o.h.type.descriptor.sql.BasicBinder      : binding parameter [2] as [TIMESTAMP] - [Wed Jun 11 11:21:42 COT 2025]
2025-06-11 11:21:44.475 TRACE 21050 --- [    Test worker] o.h.type.descriptor.sql.BasicBinder      : binding parameter [3] as [VARCHAR] - [pass1]
2025-06-11 11:21:44.475 TRACE 21050 --- [    Test worker] o.h.type.descriptor.sql.BasicBinder      : binding parameter [4] as [VARCHAR] - [USER]
2025-06-11 11:21:44.475 TRACE 21050 --- [    Test worker] o.h.type.descriptor.sql.BasicBinder      : binding parameter [5] as [VARCHAR] - [user1]
2025-06-11 11:21:44.475 TRACE 21050 --- [    Test worker] o.h.type.descriptor.sql.BasicBinder      : binding parameter [6] as [BIGINT] - [2]
2025-06-11 11:21:44.476 DEBUG 21050 --- [    Test worker] org.hibernate.SQL                        : insert into usuarios (email, fecha_creacion, password, role, username, id) values (?, ?, ?, ?, ?, ?)
Hibernate: insert into usuarios (email, fecha_creacion, password, role, username, id) values (?, ?, ?, ?, ?, ?)
2025-06-11 11:21:44.476 TRACE 21050 --- [    Test worker] o.h.type.descriptor.sql.BasicBinder      : binding parameter [1] as [VARCHAR] - [user2@test.com]
2025-06-11 11:21:44.476 TRACE 21050 --- [    Test worker] o.h.type.descriptor.sql.BasicBinder      : binding parameter [2] as [TIMESTAMP] - [Wed Jun 11 11:21:42 COT 2025]
2025-06-11 11:21:44.476 TRACE 21050 --- [    Test worker] o.h.type.descriptor.sql.BasicBinder      : binding parameter [3] as [VARCHAR] - [pass2]
2025-06-11 11:21:44.476 TRACE 21050 --- [    Test worker] o.h.type.descriptor.sql.BasicBinder      : binding parameter [4] as [VARCHAR] - [USER]
2025-06-11 11:21:44.476 TRACE 21050 --- [    Test worker] o.h.type.descriptor.sql.BasicBinder      : binding parameter [5] as [VARCHAR] - [user2]
2025-06-11 11:21:44.476 TRACE 21050 --- [    Test worker] o.h.type.descriptor.sql.BasicBinder      : binding parameter [6] as [BIGINT] - [3]
2025-06-11 11:21:44.483 DEBUG 21050 --- [    Test worker] org.hibernate.SQL                        : SELECT * FROM usuarios WHERE role = ?
Hibernate: SELECT * FROM usuarios WHERE role = ?
2025-06-11 11:21:44.484 TRACE 21050 --- [    Test worker] o.h.type.descriptor.sql.BasicBinder      : binding parameter [1] as [VARCHAR] - [USER]
2025-06-11 11:21:44.489  INFO 21050 --- [    Test worker] o.s.t.c.transaction.TransactionContext   : Rolled back transaction for test: [DefaultTestContext@1c780ad2 testClass = UsuarioServiceTest, testInstance = com.proyecto.UsuarioServiceTest@5b1fbf4a, testMethod = testObtenerUsuariosPorRol@UsuarioServiceTest, testException = [null], mergedContextConfiguration = [WebMergedContextConfiguration@3b476bdc testClass = UsuarioServiceTest, locations = '{}', classes = '{class com.proyecto.Application}', contextInitializerClasses = '[]', activeProfiles = '{}', propertySourceLocations = '{}', propertySourceProperties = '{org.springframework.boot.test.context.SpringBootTestContextBootstrapper=true}', contextCustomizers = set[org.springframework.boot.test.autoconfigure.actuate.metrics.MetricsExportContextCustomizerFactory$DisableMetricExportContextCustomizer@56bd2213, org.springframework.boot.test.autoconfigure.properties.PropertyMappingContextCustomizer@0, org.springframework.boot.test.autoconfigure.web.servlet.WebDriverContextCustomizerFactory$Customizer@58ce2bc4, org.springframework.boot.test.context.filter.ExcludeFilterContextCustomizer@1d5c0b8c, org.springframework.boot.test.json.DuplicateJsonObjectContextCustomizerFactory$DuplicateJsonObjectContextCustomizer@25092577, org.springframework.boot.test.mock.mockito.MockitoContextCustomizer@0, org.springframework.boot.test.web.client.TestRestTemplateContextCustomizer@2657f99b, org.springframework.boot.test.context.SpringBootTestArgs@1, org.springframework.boot.test.context.SpringBootTestWebEnvironment@417c25ad], resourceBasePath = 'src/main/webapp', contextLoader = 'org.springframework.boot.test.context.SpringBootContextLoader', parent = [null]], attributes = map['org.springframework.test.context.web.ServletTestExecutionListener.activateListener' -> true, 'org.springframework.test.context.web.ServletTestExecutionListener.populatedRequestContextHolder' -> true, 'org.springframework.test.context.web.ServletTestExecutionListener.resetRequestContextHolder' -> true, 'org.springframework.test.context.event.ApplicationEventsTestExecutionListener.recordApplicationEvents' -> false]]
2025-06-11 11:21:44.490  INFO 21050 --- [    Test worker] o.s.t.c.transaction.TransactionContext   : Began transaction (1) for test context [DefaultTestContext@1c780ad2 testClass = UsuarioServiceTest, testInstance = com.proyecto.UsuarioServiceTest@1ee9fec6, testMethod = testLogin@UsuarioServiceTest, testException = [null], mergedContextConfiguration = [WebMergedContextConfiguration@3b476bdc testClass = UsuarioServiceTest, locations = '{}', classes = '{class com.proyecto.Application}', contextInitializerClasses = '[]', activeProfiles = '{}', propertySourceLocations = '{}', propertySourceProperties = '{org.springframework.boot.test.context.SpringBootTestContextBootstrapper=true}', contextCustomizers = set[org.springframework.boot.test.autoconfigure.actuate.metrics.MetricsExportContextCustomizerFactory$DisableMetricExportContextCustomizer@56bd2213, org.springframework.boot.test.autoconfigure.properties.PropertyMappingContextCustomizer@0, org.springframework.boot.test.autoconfigure.web.servlet.WebDriverContextCustomizerFactory$Customizer@58ce2bc4, org.springframework.boot.test.context.filter.ExcludeFilterContextCustomizer@1d5c0b8c, org.springframework.boot.test.json.DuplicateJsonObjectContextCustomizerFactory$DuplicateJsonObjectContextCustomizer@25092577, org.springframework.boot.test.mock.mockito.MockitoContextCustomizer@0, org.springframework.boot.test.web.client.TestRestTemplateContextCustomizer@2657f99b, org.springframework.boot.test.context.SpringBootTestArgs@1, org.springframework.boot.test.context.SpringBootTestWebEnvironment@417c25ad], resourceBasePath = 'src/main/webapp', contextLoader = 'org.springframework.boot.test.context.SpringBootContextLoader', parent = [null]], attributes = map['org.springframework.test.context.web.ServletTestExecutionListener.activateListener' -> true, 'org.springframework.test.context.web.ServletTestExecutionListener.populatedRequestContextHolder' -> true, 'org.springframework.test.context.web.ServletTestExecutionListener.resetRequestContextHolder' -> true, 'org.springframework.test.context.event.ApplicationEventsTestExecutionListener.recordApplicationEvents' -> false]]; transaction manager [org.springframework.orm.jpa.JpaTransactionManager@6b11c9ee]; rollback [true]
2025-06-11 11:21:44.491 DEBUG 21050 --- [    Test worker] org.hibernate.SQL                        : select usuario0_.id as id1_0_, usuario0_.email as email2_0_, usuario0_.fecha_creacion as fecha_cr3_0_, usuario0_.password as password4_0_, usuario0_.role as role5_0_, usuario0_.username as username6_0_ from usuarios usuario0_
Hibernate: select usuario0_.id as id1_0_, usuario0_.email as email2_0_, usuario0_.fecha_creacion as fecha_cr3_0_, usuario0_.password as password4_0_, usuario0_.role as role5_0_, usuario0_.username as username6_0_ from usuarios usuario0_
2025-06-11 11:21:44.491 DEBUG 21050 --- [    Test worker] org.hibernate.SQL                        : call next value for hibernate_sequence
Hibernate: call next value for hibernate_sequence
2025-06-11 11:21:44.492 DEBUG 21050 --- [    Test worker] org.hibernate.SQL                        : call next value for hibernate_sequence
Hibernate: call next value for hibernate_sequence
2025-06-11 11:21:44.492 DEBUG 21050 --- [    Test worker] org.hibernate.SQL                        : insert into usuarios (email, fecha_creacion, password, role, username, id) values (?, ?, ?, ?, ?, ?)
Hibernate: insert into usuarios (email, fecha_creacion, password, role, username, id) values (?, ?, ?, ?, ?, ?)
2025-06-11 11:21:44.493 TRACE 21050 --- [    Test worker] o.h.type.descriptor.sql.BasicBinder      : binding parameter [1] as [VARCHAR] - [test@test.com]
2025-06-11 11:21:44.493 TRACE 21050 --- [    Test worker] o.h.type.descriptor.sql.BasicBinder      : binding parameter [2] as [TIMESTAMP] - [Wed Jun 11 11:21:44 COT 2025]
2025-06-11 11:21:44.493 TRACE 21050 --- [    Test worker] o.h.type.descriptor.sql.BasicBinder      : binding parameter [3] as [VARCHAR] - [password123]
2025-06-11 11:21:44.493 TRACE 21050 --- [    Test worker] o.h.type.descriptor.sql.BasicBinder      : binding parameter [4] as [VARCHAR] - [USER]
2025-06-11 11:21:44.493 TRACE 21050 --- [    Test worker] o.h.type.descriptor.sql.BasicBinder      : binding parameter [5] as [VARCHAR] - [testuser]
2025-06-11 11:21:44.493 TRACE 21050 --- [    Test worker] o.h.type.descriptor.sql.BasicBinder      : binding parameter [6] as [BIGINT] - [4]
2025-06-11 11:21:44.493 DEBUG 21050 --- [    Test worker] org.hibernate.SQL                        : insert into usuarios (email, fecha_creacion, password, role, username, id) values (?, ?, ?, ?, ?, ?)
Hibernate: insert into usuarios (email, fecha_creacion, password, role, username, id) values (?, ?, ?, ?, ?, ?)
2025-06-11 11:21:44.493 TRACE 21050 --- [    Test worker] o.h.type.descriptor.sql.BasicBinder      : binding parameter [1] as [VARCHAR] - [login@test.com]
2025-06-11 11:21:44.494 TRACE 21050 --- [    Test worker] o.h.type.descriptor.sql.BasicBinder      : binding parameter [2] as [TIMESTAMP] - [Wed Jun 11 11:21:44 COT 2025]
2025-06-11 11:21:44.494 TRACE 21050 --- [    Test worker] o.h.type.descriptor.sql.BasicBinder      : binding parameter [3] as [VARCHAR] - [loginpass]
2025-06-11 11:21:44.494 TRACE 21050 --- [    Test worker] o.h.type.descriptor.sql.BasicBinder      : binding parameter [4] as [VARCHAR] - [USER]
2025-06-11 11:21:44.494 TRACE 21050 --- [    Test worker] o.h.type.descriptor.sql.BasicBinder      : binding parameter [5] as [VARCHAR] - [loginuser]
2025-06-11 11:21:44.494 TRACE 21050 --- [    Test worker] o.h.type.descriptor.sql.BasicBinder      : binding parameter [6] as [BIGINT] - [5]
2025-06-11 11:21:44.494 DEBUG 21050 --- [    Test worker] org.hibernate.SQL                        : SELECT * FROM usuarios WHERE username = ?
Hibernate: SELECT * FROM usuarios WHERE username = ?
2025-06-11 11:21:44.494 TRACE 21050 --- [    Test worker] o.h.type.descriptor.sql.BasicBinder      : binding parameter [1] as [VARCHAR] - [loginuser]
2025-06-11 11:21:44.495 DEBUG 21050 --- [    Test worker] org.hibernate.SQL                        : SELECT * FROM usuarios WHERE username = ?
Hibernate: SELECT * FROM usuarios WHERE username = ?
2025-06-11 11:21:44.495 TRACE 21050 --- [    Test worker] o.h.type.descriptor.sql.BasicBinder      : binding parameter [1] as [VARCHAR] - [loginuser]
2025-06-11 11:21:44.496 DEBUG 21050 --- [    Test worker] org.hibernate.SQL                        : SELECT * FROM usuarios WHERE username = ?
Hibernate: SELECT * FROM usuarios WHERE username = ?
2025-06-11 11:21:44.496 TRACE 21050 --- [    Test worker] o.h.type.descriptor.sql.BasicBinder      : binding parameter [1] as [VARCHAR] - [nonexistent]
2025-06-11 11:21:44.497  INFO 21050 --- [    Test worker] o.s.t.c.transaction.TransactionContext   : Rolled back transaction for test: [DefaultTestContext@1c780ad2 testClass = UsuarioServiceTest, testInstance = com.proyecto.UsuarioServiceTest@1ee9fec6, testMethod = testLogin@UsuarioServiceTest, testException = [null], mergedContextConfiguration = [WebMergedContextConfiguration@3b476bdc testClass = UsuarioServiceTest, locations = '{}', classes = '{class com.proyecto.Application}', contextInitializerClasses = '[]', activeProfiles = '{}', propertySourceLocations = '{}', propertySourceProperties = '{org.springframework.boot.test.context.SpringBootTestContextBootstrapper=true}', contextCustomizers = set[org.springframework.boot.test.autoconfigure.actuate.metrics.MetricsExportContextCustomizerFactory$DisableMetricExportContextCustomizer@56bd2213, org.springframework.boot.test.autoconfigure.properties.PropertyMappingContextCustomizer@0, org.springframework.boot.test.autoconfigure.web.servlet.WebDriverContextCustomizerFactory$Customizer@58ce2bc4, org.springframework.boot.test.context.filter.ExcludeFilterContextCustomizer@1d5c0b8c, org.springframework.boot.test.json.DuplicateJsonObjectContextCustomizerFactory$DuplicateJsonObjectContextCustomizer@25092577, org.springframework.boot.test.mock.mockito.MockitoContextCustomizer@0, org.springframework.boot.test.web.client.TestRestTemplateContextCustomizer@2657f99b, org.springframework.boot.test.context.SpringBootTestArgs@1, org.springframework.boot.test.context.SpringBootTestWebEnvironment@417c25ad], resourceBasePath = 'src/main/webapp', contextLoader = 'org.springframework.boot.test.context.SpringBootContextLoader', parent = [null]], attributes = map['org.springframework.test.context.web.ServletTestExecutionListener.activateListener' -> true, 'org.springframework.test.context.web.ServletTestExecutionListener.populatedRequestContextHolder' -> true, 'org.springframework.test.context.web.ServletTestExecutionListener.resetRequestContextHolder' -> true, 'org.springframework.test.context.event.ApplicationEventsTestExecutionListener.recordApplicationEvents' -> false]]
2025-06-11 11:21:44.498  INFO 21050 --- [    Test worker] o.s.t.c.transaction.TransactionContext   : Began transaction (1) for test context [DefaultTestContext@1c780ad2 testClass = UsuarioServiceTest, testInstance = com.proyecto.UsuarioServiceTest@2aa845d4, testMethod = testRegistrarUsuario@UsuarioServiceTest, testException = [null], mergedContextConfiguration = [WebMergedContextConfiguration@3b476bdc testClass = UsuarioServiceTest, locations = '{}', classes = '{class com.proyecto.Application}', contextInitializerClasses = '[]', activeProfiles = '{}', propertySourceLocations = '{}', propertySourceProperties = '{org.springframework.boot.test.context.SpringBootTestContextBootstrapper=true}', contextCustomizers = set[org.springframework.boot.test.autoconfigure.actuate.metrics.MetricsExportContextCustomizerFactory$DisableMetricExportContextCustomizer@56bd2213, org.springframework.boot.test.autoconfigure.properties.PropertyMappingContextCustomizer@0, org.springframework.boot.test.autoconfigure.web.servlet.WebDriverContextCustomizerFactory$Customizer@58ce2bc4, org.springframework.boot.test.context.filter.ExcludeFilterContextCustomizer@1d5c0b8c, org.springframework.boot.test.json.DuplicateJsonObjectContextCustomizerFactory$DuplicateJsonObjectContextCustomizer@25092577, org.springframework.boot.test.mock.mockito.MockitoContextCustomizer@0, org.springframework.boot.test.web.client.TestRestTemplateContextCustomizer@2657f99b, org.springframework.boot.test.context.SpringBootTestArgs@1, org.springframework.boot.test.context.SpringBootTestWebEnvironment@417c25ad], resourceBasePath = 'src/main/webapp', contextLoader = 'org.springframework.boot.test.context.SpringBootContextLoader', parent = [null]], attributes = map['org.springframework.test.context.web.ServletTestExecutionListener.activateListener' -> true, 'org.springframework.test.context.web.ServletTestExecutionListener.populatedRequestContextHolder' -> true, 'org.springframework.test.context.web.ServletTestExecutionListener.resetRequestContextHolder' -> true, 'org.springframework.test.context.event.ApplicationEventsTestExecutionListener.recordApplicationEvents' -> false]]; transaction manager [org.springframework.orm.jpa.JpaTransactionManager@6b11c9ee]; rollback [true]
2025-06-11 11:21:44.499 DEBUG 21050 --- [    Test worker] org.hibernate.SQL                        : select usuario0_.id as id1_0_, usuario0_.email as email2_0_, usuario0_.fecha_creacion as fecha_cr3_0_, usuario0_.password as password4_0_, usuario0_.role as role5_0_, usuario0_.username as username6_0_ from usuarios usuario0_
Hibernate: select usuario0_.id as id1_0_, usuario0_.email as email2_0_, usuario0_.fecha_creacion as fecha_cr3_0_, usuario0_.password as password4_0_, usuario0_.role as role5_0_, usuario0_.username as username6_0_ from usuarios usuario0_
2025-06-11 11:21:44.500 DEBUG 21050 --- [    Test worker] org.hibernate.SQL                        : call next value for hibernate_sequence
Hibernate: call next value for hibernate_sequence
2025-06-11 11:21:44.500 DEBUG 21050 --- [    Test worker] org.hibernate.SQL                        : call next value for hibernate_sequence
Hibernate: call next value for hibernate_sequence
2025-06-11 11:21:44.504  INFO 21050 --- [    Test worker] o.s.t.c.transaction.TransactionContext   : Rolled back transaction for test: [DefaultTestContext@1c780ad2 testClass = UsuarioServiceTest, testInstance = com.proyecto.UsuarioServiceTest@2aa845d4, testMethod = testRegistrarUsuario@UsuarioServiceTest, testException = [null], mergedContextConfiguration = [WebMergedContextConfiguration@3b476bdc testClass = UsuarioServiceTest, locations = '{}', classes = '{class com.proyecto.Application}', contextInitializerClasses = '[]', activeProfiles = '{}', propertySourceLocations = '{}', propertySourceProperties = '{org.springframework.boot.test.context.SpringBootTestContextBootstrapper=true}', contextCustomizers = set[org.springframework.boot.test.autoconfigure.actuate.metrics.MetricsExportContextCustomizerFactory$DisableMetricExportContextCustomizer@56bd2213, org.springframework.boot.test.autoconfigure.properties.PropertyMappingContextCustomizer@0, org.springframework.boot.test.autoconfigure.web.servlet.WebDriverContextCustomizerFactory$Customizer@58ce2bc4, org.springframework.boot.test.context.filter.ExcludeFilterContextCustomizer@1d5c0b8c, org.springframework.boot.test.json.DuplicateJsonObjectContextCustomizerFactory$DuplicateJsonObjectContextCustomizer@25092577, org.springframework.boot.test.mock.mockito.MockitoContextCustomizer@0, org.springframework.boot.test.web.client.TestRestTemplateContextCustomizer@2657f99b, org.springframework.boot.test.context.SpringBootTestArgs@1, org.springframework.boot.test.context.SpringBootTestWebEnvironment@417c25ad], resourceBasePath = 'src/main/webapp', contextLoader = 'org.springframework.boot.test.context.SpringBootContextLoader', parent = [null]], attributes = map['org.springframework.test.context.web.ServletTestExecutionListener.activateListener' -> true, 'org.springframework.test.context.web.ServletTestExecutionListener.populatedRequestContextHolder' -> true, 'org.springframework.test.context.web.ServletTestExecutionListener.resetRequestContextHolder' -> true, 'org.springframework.test.context.event.ApplicationEventsTestExecutionListener.recordApplicationEvents' -> false]]
2025-06-11 11:21:44.505  INFO 21050 --- [    Test worker] o.s.t.c.transaction.TransactionContext   : Began transaction (1) for test context [DefaultTestContext@1c780ad2 testClass = UsuarioServiceTest, testInstance = com.proyecto.UsuarioServiceTest@6fdf662c, testMethod = testMultipleOperaciones@UsuarioServiceTest, testException = [null], mergedContextConfiguration = [WebMergedContextConfiguration@3b476bdc testClass = UsuarioServiceTest, locations = '{}', classes = '{class com.proyecto.Application}', contextInitializerClasses = '[]', activeProfiles = '{}', propertySourceLocations = '{}', propertySourceProperties = '{org.springframework.boot.test.context.SpringBootTestContextBootstrapper=true}', contextCustomizers = set[org.springframework.boot.test.autoconfigure.actuate.metrics.MetricsExportContextCustomizerFactory$DisableMetricExportContextCustomizer@56bd2213, org.springframework.boot.test.autoconfigure.properties.PropertyMappingContextCustomizer@0, org.springframework.boot.test.autoconfigure.web.servlet.WebDriverContextCustomizerFactory$Customizer@58ce2bc4, org.springframework.boot.test.context.filter.ExcludeFilterContextCustomizer@1d5c0b8c, org.springframework.boot.test.json.DuplicateJsonObjectContextCustomizerFactory$DuplicateJsonObjectContextCustomizer@25092577, org.springframework.boot.test.mock.mockito.MockitoContextCustomizer@0, org.springframework.boot.test.web.client.TestRestTemplateContextCustomizer@2657f99b, org.springframework.boot.test.context.SpringBootTestArgs@1, org.springframework.boot.test.context.SpringBootTestWebEnvironment@417c25ad], resourceBasePath = 'src/main/webapp', contextLoader = 'org.springframework.boot.test.context.SpringBootContextLoader', parent = [null]], attributes = map['org.springframework.test.context.web.ServletTestExecutionListener.activateListener' -> true, 'org.springframework.test.context.web.ServletTestExecutionListener.populatedRequestContextHolder' -> true, 'org.springframework.test.context.web.ServletTestExecutionListener.resetRequestContextHolder' -> true, 'org.springframework.test.context.event.ApplicationEventsTestExecutionListener.recordApplicationEvents' -> false]]; transaction manager [org.springframework.orm.jpa.JpaTransactionManager@6b11c9ee]; rollback [true]
2025-06-11 11:21:44.506 DEBUG 21050 --- [    Test worker] org.hibernate.SQL                        : select usuario0_.id as id1_0_, usuario0_.email as email2_0_, usuario0_.fecha_creacion as fecha_cr3_0_, usuario0_.password as password4_0_, usuario0_.role as role5_0_, usuario0_.username as username6_0_ from usuarios usuario0_
Hibernate: select usuario0_.id as id1_0_, usuario0_.email as email2_0_, usuario0_.fecha_creacion as fecha_cr3_0_, usuario0_.password as password4_0_, usuario0_.role as role5_0_, usuario0_.username as username6_0_ from usuarios usuario0_
2025-06-11 11:21:44.506 DEBUG 21050 --- [    Test worker] org.hibernate.SQL                        : call next value for hibernate_sequence
Hibernate: call next value for hibernate_sequence
2025-06-11 11:21:44.506 DEBUG 21050 --- [    Test worker] org.hibernate.SQL                        : call next value for hibernate_sequence
Hibernate: call next value for hibernate_sequence
2025-06-11 11:21:44.507 DEBUG 21050 --- [    Test worker] org.hibernate.SQL                        : call next value for hibernate_sequence
Hibernate: call next value for hibernate_sequence
2025-06-11 11:21:44.507 DEBUG 21050 --- [    Test worker] org.hibernate.SQL                        : insert into usuarios (email, fecha_creacion, password, role, username, id) values (?, ?, ?, ?, ?, ?)
Hibernate: insert into usuarios (email, fecha_creacion, password, role, username, id) values (?, ?, ?, ?, ?, ?)
2025-06-11 11:21:44.507 TRACE 21050 --- [    Test worker] o.h.type.descriptor.sql.BasicBinder      : binding parameter [1] as [VARCHAR] - [test@test.com]
2025-06-11 11:21:44.507 TRACE 21050 --- [    Test worker] o.h.type.descriptor.sql.BasicBinder      : binding parameter [2] as [TIMESTAMP] - [Wed Jun 11 11:21:44 COT 2025]
2025-06-11 11:21:44.507 TRACE 21050 --- [    Test worker] o.h.type.descriptor.sql.BasicBinder      : binding parameter [3] as [VARCHAR] - [password123]
2025-06-11 11:21:44.508 TRACE 21050 --- [    Test worker] o.h.type.descriptor.sql.BasicBinder      : binding parameter [4] as [VARCHAR] - [USER]
2025-06-11 11:21:44.508 TRACE 21050 --- [    Test worker] o.h.type.descriptor.sql.BasicBinder      : binding parameter [5] as [VARCHAR] - [testuser]
2025-06-11 11:21:44.508 TRACE 21050 --- [    Test worker] o.h.type.descriptor.sql.BasicBinder      : binding parameter [6] as [BIGINT] - [8]
2025-06-11 11:21:44.508 DEBUG 21050 --- [    Test worker] org.hibernate.SQL                        : insert into usuarios (email, fecha_creacion, password, role, username, id) values (?, ?, ?, ?, ?, ?)
Hibernate: insert into usuarios (email, fecha_creacion, password, role, username, id) values (?, ?, ?, ?, ?, ?)
2025-06-11 11:21:44.508 TRACE 21050 --- [    Test worker] o.h.type.descriptor.sql.BasicBinder      : binding parameter [1] as [VARCHAR] - [user1@test.com]
2025-06-11 11:21:44.508 TRACE 21050 --- [    Test worker] o.h.type.descriptor.sql.BasicBinder      : binding parameter [2] as [TIMESTAMP] - [Wed Jun 11 11:21:44 COT 2025]
2025-06-11 11:21:44.508 TRACE 21050 --- [    Test worker] o.h.type.descriptor.sql.BasicBinder      : binding parameter [3] as [VARCHAR] - [pass1]
2025-06-11 11:21:44.508 TRACE 21050 --- [    Test worker] o.h.type.descriptor.sql.BasicBinder      : binding parameter [4] as [VARCHAR] - [USER]
2025-06-11 11:21:44.508 TRACE 21050 --- [    Test worker] o.h.type.descriptor.sql.BasicBinder      : binding parameter [5] as [VARCHAR] - [user1]
2025-06-11 11:21:44.508 TRACE 21050 --- [    Test worker] o.h.type.descriptor.sql.BasicBinder      : binding parameter [6] as [BIGINT] - [9]
2025-06-11 11:21:44.508 DEBUG 21050 --- [    Test worker] org.hibernate.SQL                        : insert into usuarios (email, fecha_creacion, password, role, username, id) values (?, ?, ?, ?, ?, ?)
Hibernate: insert into usuarios (email, fecha_creacion, password, role, username, id) values (?, ?, ?, ?, ?, ?)
2025-06-11 11:21:44.508 TRACE 21050 --- [    Test worker] o.h.type.descriptor.sql.BasicBinder      : binding parameter [1] as [VARCHAR] - [user2@test.com]
2025-06-11 11:21:44.508 TRACE 21050 --- [    Test worker] o.h.type.descriptor.sql.BasicBinder      : binding parameter [2] as [TIMESTAMP] - [Wed Jun 11 11:21:44 COT 2025]
2025-06-11 11:21:44.508 TRACE 21050 --- [    Test worker] o.h.type.descriptor.sql.BasicBinder      : binding parameter [3] as [VARCHAR] - [pass2]
2025-06-11 11:21:44.509 TRACE 21050 --- [    Test worker] o.h.type.descriptor.sql.BasicBinder      : binding parameter [4] as [VARCHAR] - [USER]
2025-06-11 11:21:44.509 TRACE 21050 --- [    Test worker] o.h.type.descriptor.sql.BasicBinder      : binding parameter [5] as [VARCHAR] - [user2]
2025-06-11 11:21:44.509 TRACE 21050 --- [    Test worker] o.h.type.descriptor.sql.BasicBinder      : binding parameter [6] as [BIGINT] - [10]
2025-06-11 11:21:44.509 DEBUG 21050 --- [    Test worker] org.hibernate.SQL                        : SELECT * FROM usuarios WHERE username = ?
Hibernate: SELECT * FROM usuarios WHERE username = ?
2025-06-11 11:21:44.509 TRACE 21050 --- [    Test worker] o.h.type.descriptor.sql.BasicBinder      : binding parameter [1] as [VARCHAR] - [user1]
2025-06-11 11:21:44.510 DEBUG 21050 --- [    Test worker] org.hibernate.SQL                        : SELECT * FROM usuarios WHERE username = ?
Hibernate: SELECT * FROM usuarios WHERE username = ?
2025-06-11 11:21:44.510 TRACE 21050 --- [    Test worker] o.h.type.descriptor.sql.BasicBinder      : binding parameter [1] as [VARCHAR] - [user2]
2025-06-11 11:21:44.511  INFO 21050 --- [    Test worker] o.s.t.c.transaction.TransactionContext   : Rolled back transaction for test: [DefaultTestContext@1c780ad2 testClass = UsuarioServiceTest, testInstance = com.proyecto.UsuarioServiceTest@6fdf662c, testMethod = testMultipleOperaciones@UsuarioServiceTest, testException = [null], mergedContextConfiguration = [WebMergedContextConfiguration@3b476bdc testClass = UsuarioServiceTest, locations = '{}', classes = '{class com.proyecto.Application}', contextInitializerClasses = '[]', activeProfiles = '{}', propertySourceLocations = '{}', propertySourceProperties = '{org.springframework.boot.test.context.SpringBootTestContextBootstrapper=true}', contextCustomizers = set[org.springframework.boot.test.autoconfigure.actuate.metrics.MetricsExportContextCustomizerFactory$DisableMetricExportContextCustomizer@56bd2213, org.springframework.boot.test.autoconfigure.properties.PropertyMappingContextCustomizer@0, org.springframework.boot.test.autoconfigure.web.servlet.WebDriverContextCustomizerFactory$Customizer@58ce2bc4, org.springframework.boot.test.context.filter.ExcludeFilterContextCustomizer@1d5c0b8c, org.springframework.boot.test.json.DuplicateJsonObjectContextCustomizerFactory$DuplicateJsonObjectContextCustomizer@25092577, org.springframework.boot.test.mock.mockito.MockitoContextCustomizer@0, org.springframework.boot.test.web.client.TestRestTemplateContextCustomizer@2657f99b, org.springframework.boot.test.context.SpringBootTestArgs@1, org.springframework.boot.test.context.SpringBootTestWebEnvironment@417c25ad], resourceBasePath = 'src/main/webapp', contextLoader = 'org.springframework.boot.test.context.SpringBootContextLoader', parent = [null]], attributes = map['org.springframework.test.context.web.ServletTestExecutionListener.activateListener' -> true, 'org.springframework.test.context.web.ServletTestExecutionListener.populatedRequestContextHolder' -> true, 'org.springframework.test.context.web.ServletTestExecutionListener.resetRequestContextHolder' -> true, 'org.springframework.test.context.event.ApplicationEventsTestExecutionListener.recordApplicationEvents' -> false]]
2025-06-11 11:21:44.512  INFO 21050 --- [    Test worker] o.s.t.c.transaction.TransactionContext   : Began transaction (1) for test context [DefaultTestContext@1c780ad2 testClass = UsuarioServiceTest, testInstance = com.proyecto.UsuarioServiceTest@64a06ae9, testMethod = testEstadisticas@UsuarioServiceTest, testException = [null], mergedContextConfiguration = [WebMergedContextConfiguration@3b476bdc testClass = UsuarioServiceTest, locations = '{}', classes = '{class com.proyecto.Application}', contextInitializerClasses = '[]', activeProfiles = '{}', propertySourceLocations = '{}', propertySourceProperties = '{org.springframework.boot.test.context.SpringBootTestContextBootstrapper=true}', contextCustomizers = set[org.springframework.boot.test.autoconfigure.actuate.metrics.MetricsExportContextCustomizerFactory$DisableMetricExportContextCustomizer@56bd2213, org.springframework.boot.test.autoconfigure.properties.PropertyMappingContextCustomizer@0, org.springframework.boot.test.autoconfigure.web.servlet.WebDriverContextCustomizerFactory$Customizer@58ce2bc4, org.springframework.boot.test.context.filter.ExcludeFilterContextCustomizer@1d5c0b8c, org.springframework.boot.test.json.DuplicateJsonObjectContextCustomizerFactory$DuplicateJsonObjectContextCustomizer@25092577, org.springframework.boot.test.mock.mockito.MockitoContextCustomizer@0, org.springframework.boot.test.web.client.TestRestTemplateContextCustomizer@2657f99b, org.springframework.boot.test.context.SpringBootTestArgs@1, org.springframework.boot.test.context.SpringBootTestWebEnvironment@417c25ad], resourceBasePath = 'src/main/webapp', contextLoader = 'org.springframework.boot.test.context.SpringBootContextLoader', parent = [null]], attributes = map['org.springframework.test.context.web.ServletTestExecutionListener.activateListener' -> true, 'org.springframework.test.context.web.ServletTestExecutionListener.populatedRequestContextHolder' -> true, 'org.springframework.test.context.web.ServletTestExecutionListener.resetRequestContextHolder' -> true, 'org.springframework.test.context.event.ApplicationEventsTestExecutionListener.recordApplicationEvents' -> false]]; transaction manager [org.springframework.orm.jpa.JpaTransactionManager@6b11c9ee]; rollback [true]
2025-06-11 11:21:44.513 DEBUG 21050 --- [    Test worker] org.hibernate.SQL                        : select usuario0_.id as id1_0_, usuario0_.email as email2_0_, usuario0_.fecha_creacion as fecha_cr3_0_, usuario0_.password as password4_0_, usuario0_.role as role5_0_, usuario0_.username as username6_0_ from usuarios usuario0_
Hibernate: select usuario0_.id as id1_0_, usuario0_.email as email2_0_, usuario0_.fecha_creacion as fecha_cr3_0_, usuario0_.password as password4_0_, usuario0_.role as role5_0_, usuario0_.username as username6_0_ from usuarios usuario0_
2025-06-11 11:21:44.513 DEBUG 21050 --- [    Test worker] org.hibernate.SQL                        : call next value for hibernate_sequence
Hibernate: call next value for hibernate_sequence
2025-06-11 11:21:44.514  INFO 21050 --- [    Test worker] o.s.t.c.transaction.TransactionContext   : Rolled back transaction for test: [DefaultTestContext@1c780ad2 testClass = UsuarioServiceTest, testInstance = com.proyecto.UsuarioServiceTest@64a06ae9, testMethod = testEstadisticas@UsuarioServiceTest, testException = [null], mergedContextConfiguration = [WebMergedContextConfiguration@3b476bdc testClass = UsuarioServiceTest, locations = '{}', classes = '{class com.proyecto.Application}', contextInitializerClasses = '[]', activeProfiles = '{}', propertySourceLocations = '{}', propertySourceProperties = '{org.springframework.boot.test.context.SpringBootTestContextBootstrapper=true}', contextCustomizers = set[org.springframework.boot.test.autoconfigure.actuate.metrics.MetricsExportContextCustomizerFactory$DisableMetricExportContextCustomizer@56bd2213, org.springframework.boot.test.autoconfigure.properties.PropertyMappingContextCustomizer@0, org.springframework.boot.test.autoconfigure.web.servlet.WebDriverContextCustomizerFactory$Customizer@58ce2bc4, org.springframework.boot.test.context.filter.ExcludeFilterContextCustomizer@1d5c0b8c, org.springframework.boot.test.json.DuplicateJsonObjectContextCustomizerFactory$DuplicateJsonObjectContextCustomizer@25092577, org.springframework.boot.test.mock.mockito.MockitoContextCustomizer@0, org.springframework.boot.test.web.client.TestRestTemplateContextCustomizer@2657f99b, org.springframework.boot.test.context.SpringBootTestArgs@1, org.springframework.boot.test.context.SpringBootTestWebEnvironment@417c25ad], resourceBasePath = 'src/main/webapp', contextLoader = 'org.springframework.boot.test.context.SpringBootContextLoader', parent = [null]], attributes = map['org.springframework.test.context.web.ServletTestExecutionListener.activateListener' -> true, 'org.springframework.test.context.web.ServletTestExecutionListener.populatedRequestContextHolder' -> true, 'org.springframework.test.context.web.ServletTestExecutionListener.resetRequestContextHolder' -> true, 'org.springframework.test.context.event.ApplicationEventsTestExecutionListener.recordApplicationEvents' -> false]]
]]></system-out>
  <system-err><![CDATA[]]></system-err>
</testsuite>
